[0.022s] Invoking command in '/home/ibrahim/R2D2/build/action_interfaces': CMAKE_PREFIX_PATH=${CMAKE_PREFIX_PATH}:/home/ibrahim/RobotArm/install/main_arm_package:/home/ibrahim/RobotArm/install/action_interfaces:/opt/ros/humble /usr/bin/cmake --build /home/ibrahim/R2D2/build/action_interfaces -- -j16 -l16
[0.093s] [  3%] Built target action_interfaces__rs
[0.136s] [  3%] Built target ament_cmake_python_copy_action_interfaces
[0.164s] [  6%] Built target action_interfaces__cpp
[0.391s] running egg_info
[0.391s] writing action_interfaces.egg-info/PKG-INFO
[0.392s] writing dependency_links to action_interfaces.egg-info/dependency_links.txt
[0.392s] writing top-level names to action_interfaces.egg-info/top_level.txt
[0.394s] reading manifest file 'action_interfaces.egg-info/SOURCES.txt'
[0.395s] writing manifest file 'action_interfaces.egg-info/SOURCES.txt'
[0.422s] [  6%] Built target ament_cmake_python_build_action_interfaces_egg
[0.453s] [ 15%] Built target action_interfaces__rosidl_typesupport_cpp
[0.489s] [ 25%] Built target action_interfaces__rosidl_typesupport_introspection_cpp
[0.524s] [ 34%] Built target action_interfaces__rosidl_typesupport_fastrtps_cpp
[0.556s] [ 43%] Built target action_interfaces__rosidl_generator_c
[0.592s] [ 53%] Built target action_interfaces__rosidl_typesupport_fastrtps_c
[0.621s] [ 62%] Built target action_interfaces__rosidl_typesupport_c
[0.658s] [ 71%] Built target action_interfaces__rosidl_typesupport_introspection_c
[0.685s] [ 71%] Built target action_interfaces
[0.712s] [ 75%] Built target action_interfaces__py
[0.747s] [ 81%] Built target action_interfaces__rosidl_generator_py
[0.779s] [ 87%] Built target action_interfaces__rosidl_typesupport_fastrtps_c__pyext
[0.814s] [ 93%] Built target action_interfaces__rosidl_typesupport_c__pyext
[0.846s] [100%] Built target action_interfaces__rosidl_typesupport_introspection_c__pyext
[0.865s] Invoked command in '/home/ibrahim/R2D2/build/action_interfaces' returned '0': CMAKE_PREFIX_PATH=${CMAKE_PREFIX_PATH}:/home/ibrahim/RobotArm/install/main_arm_package:/home/ibrahim/RobotArm/install/action_interfaces:/opt/ros/humble /usr/bin/cmake --build /home/ibrahim/R2D2/build/action_interfaces -- -j16 -l16
[0.879s] Invoking command in '/home/ibrahim/R2D2/build/action_interfaces': CMAKE_PREFIX_PATH=${CMAKE_PREFIX_PATH}:/home/ibrahim/RobotArm/install/main_arm_package:/home/ibrahim/RobotArm/install/action_interfaces:/opt/ros/humble /usr/bin/cmake --install /home/ibrahim/R2D2/build/action_interfaces
[0.888s] -- Install configuration: ""
[0.888s] -- Up-to-date: /home/ibrahim/R2D2/install/action_interfaces/share/ament_index/resource_index/rosidl_interfaces/action_interfaces
[0.889s] -- Up-to-date: /home/ibrahim/R2D2/install/action_interfaces/include/action_interfaces/action_interfaces
[0.889s] -- Up-to-date: /home/ibrahim/R2D2/install/action_interfaces/include/action_interfaces/action_interfaces/msg
[0.889s] -- Up-to-date: /home/ibrahim/R2D2/install/action_interfaces/include/action_interfaces/action_interfaces/msg/rosidl_generator_c__visibility_control.h
[0.889s] -- Up-to-date: /home/ibrahim/R2D2/install/action_interfaces/include/action_interfaces/action_interfaces/action
[0.889s] -- Up-to-date: /home/ibrahim/R2D2/install/action_interfaces/include/action_interfaces/action_interfaces/action/detail
[0.889s] -- Up-to-date: /home/ibrahim/R2D2/install/action_interfaces/include/action_interfaces/action_interfaces/action/detail/nav__functions.h
[0.889s] -- Up-to-date: /home/ibrahim/R2D2/install/action_interfaces/include/action_interfaces/action_interfaces/action/detail/nav__struct.h
[0.889s] -- Up-to-date: /home/ibrahim/R2D2/install/action_interfaces/include/action_interfaces/action_interfaces/action/detail/nav__type_support.h
[0.889s] -- Up-to-date: /home/ibrahim/R2D2/install/action_interfaces/include/action_interfaces/action_interfaces/action/detail/nav__functions.c
[0.889s] -- Up-to-date: /home/ibrahim/R2D2/install/action_interfaces/include/action_interfaces/action_interfaces/action/nav.h
[0.889s] -- Up-to-date: /home/ibrahim/R2D2/install/action_interfaces/share/action_interfaces/environment/library_path.sh
[0.890s] -- Up-to-date: /home/ibrahim/R2D2/install/action_interfaces/share/action_interfaces/environment/library_path.dsv
[0.890s] -- Up-to-date: /home/ibrahim/R2D2/install/action_interfaces/lib/libaction_interfaces__rosidl_generator_c.so
[0.890s] -- Up-to-date: /home/ibrahim/R2D2/install/action_interfaces/include/action_interfaces/action_interfaces
[0.890s] -- Up-to-date: /home/ibrahim/R2D2/install/action_interfaces/include/action_interfaces/action_interfaces/msg
[0.890s] -- Up-to-date: /home/ibrahim/R2D2/install/action_interfaces/include/action_interfaces/action_interfaces/msg/rosidl_typesupport_fastrtps_c__visibility_control.h
[0.890s] -- Up-to-date: /home/ibrahim/R2D2/install/action_interfaces/include/action_interfaces/action_interfaces/action
[0.891s] -- Up-to-date: /home/ibrahim/R2D2/install/action_interfaces/include/action_interfaces/action_interfaces/action/detail
[0.891s] -- Up-to-date: /home/ibrahim/R2D2/install/action_interfaces/include/action_interfaces/action_interfaces/action/detail/nav__rosidl_typesupport_fastrtps_c.h
[0.891s] -- Up-to-date: /home/ibrahim/R2D2/install/action_interfaces/lib/libaction_interfaces__rosidl_typesupport_fastrtps_c.so
[0.891s] -- Up-to-date: /home/ibrahim/R2D2/install/action_interfaces/include/action_interfaces/action_interfaces
[0.891s] -- Up-to-date: /home/ibrahim/R2D2/install/action_interfaces/include/action_interfaces/action_interfaces/msg
[0.891s] -- Up-to-date: /home/ibrahim/R2D2/install/action_interfaces/include/action_interfaces/action_interfaces/msg/rosidl_typesupport_introspection_c__visibility_control.h
[0.892s] -- Up-to-date: /home/ibrahim/R2D2/install/action_interfaces/include/action_interfaces/action_interfaces/action
[0.892s] -- Up-to-date: /home/ibrahim/R2D2/install/action_interfaces/include/action_interfaces/action_interfaces/action/detail
[0.892s] -- Up-to-date: /home/ibrahim/R2D2/install/action_interfaces/include/action_interfaces/action_interfaces/action/detail/nav__type_support.c
[0.892s] -- Up-to-date: /home/ibrahim/R2D2/install/action_interfaces/include/action_interfaces/action_interfaces/action/detail/nav__rosidl_typesupport_introspection_c.h
[0.892s] -- Up-to-date: /home/ibrahim/R2D2/install/action_interfaces/lib/libaction_interfaces__rosidl_typesupport_introspection_c.so
[0.892s] -- Up-to-date: /home/ibrahim/R2D2/install/action_interfaces/lib/libaction_interfaces__rosidl_typesupport_c.so
[0.892s] -- Up-to-date: /home/ibrahim/R2D2/install/action_interfaces/include/action_interfaces/action_interfaces
[0.892s] -- Up-to-date: /home/ibrahim/R2D2/install/action_interfaces/include/action_interfaces/action_interfaces/msg
[0.893s] -- Up-to-date: /home/ibrahim/R2D2/install/action_interfaces/include/action_interfaces/action_interfaces/msg/rosidl_generator_cpp__visibility_control.hpp
[0.893s] -- Up-to-date: /home/ibrahim/R2D2/install/action_interfaces/include/action_interfaces/action_interfaces/action
[0.893s] -- Up-to-date: /home/ibrahim/R2D2/install/action_interfaces/include/action_interfaces/action_interfaces/action/detail
[0.893s] -- Up-to-date: /home/ibrahim/R2D2/install/action_interfaces/include/action_interfaces/action_interfaces/action/detail/nav__traits.hpp
[0.893s] -- Up-to-date: /home/ibrahim/R2D2/install/action_interfaces/include/action_interfaces/action_interfaces/action/detail/nav__builder.hpp
[0.893s] -- Up-to-date: /home/ibrahim/R2D2/install/action_interfaces/include/action_interfaces/action_interfaces/action/detail/nav__struct.hpp
[0.893s] -- Up-to-date: /home/ibrahim/R2D2/install/action_interfaces/include/action_interfaces/action_interfaces/action/detail/nav__type_support.hpp
[0.893s] -- Up-to-date: /home/ibrahim/R2D2/install/action_interfaces/include/action_interfaces/action_interfaces/action/nav.hpp
[0.893s] -- Up-to-date: /home/ibrahim/R2D2/install/action_interfaces/include/action_interfaces/action_interfaces
[0.894s] -- Up-to-date: /home/ibrahim/R2D2/install/action_interfaces/include/action_interfaces/action_interfaces/msg
[0.894s] -- Up-to-date: /home/ibrahim/R2D2/install/action_interfaces/include/action_interfaces/action_interfaces/msg/rosidl_typesupport_fastrtps_cpp__visibility_control.h
[0.894s] -- Up-to-date: /home/ibrahim/R2D2/install/action_interfaces/include/action_interfaces/action_interfaces/action
[0.894s] -- Up-to-date: /home/ibrahim/R2D2/install/action_interfaces/include/action_interfaces/action_interfaces/action/detail
[0.894s] -- Up-to-date: /home/ibrahim/R2D2/install/action_interfaces/include/action_interfaces/action_interfaces/action/detail/dds_fastrtps
[0.894s] -- Up-to-date: /home/ibrahim/R2D2/install/action_interfaces/include/action_interfaces/action_interfaces/action/detail/nav__rosidl_typesupport_fastrtps_cpp.hpp
[0.894s] -- Up-to-date: /home/ibrahim/R2D2/install/action_interfaces/lib/libaction_interfaces__rosidl_typesupport_fastrtps_cpp.so
[0.894s] -- Up-to-date: /home/ibrahim/R2D2/install/action_interfaces/include/action_interfaces/action_interfaces
[0.894s] -- Up-to-date: /home/ibrahim/R2D2/install/action_interfaces/include/action_interfaces/action_interfaces/action
[0.895s] -- Up-to-date: /home/ibrahim/R2D2/install/action_interfaces/include/action_interfaces/action_interfaces/action/detail
[0.895s] -- Up-to-date: /home/ibrahim/R2D2/install/action_interfaces/include/action_interfaces/action_interfaces/action/detail/nav__rosidl_typesupport_introspection_cpp.hpp
[0.895s] -- Up-to-date: /home/ibrahim/R2D2/install/action_interfaces/include/action_interfaces/action_interfaces/action/detail/nav__type_support.cpp
[0.895s] -- Up-to-date: /home/ibrahim/R2D2/install/action_interfaces/lib/libaction_interfaces__rosidl_typesupport_introspection_cpp.so
[0.895s] -- Up-to-date: /home/ibrahim/R2D2/install/action_interfaces/lib/libaction_interfaces__rosidl_typesupport_cpp.so
[0.895s] -- Up-to-date: /home/ibrahim/R2D2/install/action_interfaces/share/action_interfaces/environment/pythonpath.sh
[0.896s] -- Up-to-date: /home/ibrahim/R2D2/install/action_interfaces/share/action_interfaces/environment/pythonpath.dsv
[0.896s] -- Up-to-date: /home/ibrahim/R2D2/install/action_interfaces/local/lib/python3.10/dist-packages/action_interfaces-0.0.0-py3.10.egg-info
[0.896s] -- Installing: /home/ibrahim/R2D2/install/action_interfaces/local/lib/python3.10/dist-packages/action_interfaces-0.0.0-py3.10.egg-info/top_level.txt
[0.896s] -- Installing: /home/ibrahim/R2D2/install/action_interfaces/local/lib/python3.10/dist-packages/action_interfaces-0.0.0-py3.10.egg-info/PKG-INFO
[0.896s] -- Installing: /home/ibrahim/R2D2/install/action_interfaces/local/lib/python3.10/dist-packages/action_interfaces-0.0.0-py3.10.egg-info/dependency_links.txt
[0.897s] -- Installing: /home/ibrahim/R2D2/install/action_interfaces/local/lib/python3.10/dist-packages/action_interfaces-0.0.0-py3.10.egg-info/SOURCES.txt
[0.897s] -- Up-to-date: /home/ibrahim/R2D2/install/action_interfaces/local/lib/python3.10/dist-packages/action_interfaces
[0.897s] -- Up-to-date: /home/ibrahim/R2D2/install/action_interfaces/local/lib/python3.10/dist-packages/action_interfaces/_action_interfaces_s.ep.rosidl_typesupport_introspection_c.c
[0.898s] -- Up-to-date: /home/ibrahim/R2D2/install/action_interfaces/local/lib/python3.10/dist-packages/action_interfaces/_action_interfaces_s.ep.rosidl_typesupport_c.c
[0.898s] -- Up-to-date: /home/ibrahim/R2D2/install/action_interfaces/local/lib/python3.10/dist-packages/action_interfaces/action_interfaces_s__rosidl_typesupport_fastrtps_c.cpython-310-x86_64-linux-gnu.so
[0.898s] -- Up-to-date: /home/ibrahim/R2D2/install/action_interfaces/local/lib/python3.10/dist-packages/action_interfaces/_action_interfaces_s.ep.rosidl_typesupport_fastrtps_c.c
[0.898s] -- Up-to-date: /home/ibrahim/R2D2/install/action_interfaces/local/lib/python3.10/dist-packages/action_interfaces/libaction_interfaces__rosidl_generator_py.so
[0.898s] -- Up-to-date: /home/ibrahim/R2D2/install/action_interfaces/local/lib/python3.10/dist-packages/action_interfaces/action_interfaces_s__rosidl_typesupport_introspection_c.cpython-310-x86_64-linux-gnu.so
[0.898s] -- Up-to-date: /home/ibrahim/R2D2/install/action_interfaces/local/lib/python3.10/dist-packages/action_interfaces/action
[0.898s] -- Up-to-date: /home/ibrahim/R2D2/install/action_interfaces/local/lib/python3.10/dist-packages/action_interfaces/action/_nav.py
[0.898s] -- Up-to-date: /home/ibrahim/R2D2/install/action_interfaces/local/lib/python3.10/dist-packages/action_interfaces/action/_nav_s.c
[0.898s] -- Up-to-date: /home/ibrahim/R2D2/install/action_interfaces/local/lib/python3.10/dist-packages/action_interfaces/action/__init__.py
[0.898s] -- Up-to-date: /home/ibrahim/R2D2/install/action_interfaces/local/lib/python3.10/dist-packages/action_interfaces/__init__.py
[0.899s] -- Up-to-date: /home/ibrahim/R2D2/install/action_interfaces/local/lib/python3.10/dist-packages/action_interfaces/action_interfaces_s__rosidl_typesupport_c.cpython-310-x86_64-linux-gnu.so
[0.932s] Listing '/home/ibrahim/R2D2/install/action_interfaces/local/lib/python3.10/dist-packages/action_interfaces'...
[0.932s] Listing '/home/ibrahim/R2D2/install/action_interfaces/local/lib/python3.10/dist-packages/action_interfaces/action'...
[0.937s] -- Up-to-date: /home/ibrahim/R2D2/install/action_interfaces/local/lib/python3.10/dist-packages/action_interfaces/action_interfaces_s__rosidl_typesupport_fastrtps_c.cpython-310-x86_64-linux-gnu.so
[0.938s] -- Up-to-date: /home/ibrahim/R2D2/install/action_interfaces/local/lib/python3.10/dist-packages/action_interfaces/action_interfaces_s__rosidl_typesupport_introspection_c.cpython-310-x86_64-linux-gnu.so
[0.938s] -- Up-to-date: /home/ibrahim/R2D2/install/action_interfaces/local/lib/python3.10/dist-packages/action_interfaces/action_interfaces_s__rosidl_typesupport_c.cpython-310-x86_64-linux-gnu.so
[0.938s] -- Up-to-date: /home/ibrahim/R2D2/install/action_interfaces/lib/libaction_interfaces__rosidl_generator_py.so
[0.939s] -- Up-to-date: /home/ibrahim/R2D2/install/action_interfaces/share/ament_index/resource_index/rust_packages/action_interfaces
[0.939s] -- Up-to-date: /home/ibrahim/R2D2/install/action_interfaces/share/action_interfaces/rust
[0.939s] -- Up-to-date: /home/ibrahim/R2D2/install/action_interfaces/share/action_interfaces/rust/src
[0.940s] -- Up-to-date: /home/ibrahim/R2D2/install/action_interfaces/share/action_interfaces/rust/src/action.rs
[0.940s] -- Up-to-date: /home/ibrahim/R2D2/install/action_interfaces/share/action_interfaces/rust/src/lib.rs
[0.940s] -- Up-to-date: /home/ibrahim/R2D2/install/action_interfaces/share/action_interfaces/rust/src/action
[0.940s] -- Up-to-date: /home/ibrahim/R2D2/install/action_interfaces/share/action_interfaces/rust/src/action/rmw.rs
[0.941s] -- Up-to-date: /home/ibrahim/R2D2/install/action_interfaces/share/action_interfaces/rust/build.rs
[0.941s] -- Up-to-date: /home/ibrahim/R2D2/install/action_interfaces/share/action_interfaces/rust/Cargo.toml
[0.941s] -- Up-to-date: /home/ibrahim/R2D2/install/action_interfaces/share/action_interfaces/action/Nav.idl
[0.941s] -- Up-to-date: /home/ibrahim/R2D2/install/action_interfaces/share/action_interfaces/action/Nav.action
[0.941s] -- Up-to-date: /home/ibrahim/R2D2/install/action_interfaces/share/ament_index/resource_index/package_run_dependencies/action_interfaces
[0.941s] -- Up-to-date: /home/ibrahim/R2D2/install/action_interfaces/share/ament_index/resource_index/parent_prefix_path/action_interfaces
[0.941s] -- Up-to-date: /home/ibrahim/R2D2/install/action_interfaces/share/action_interfaces/environment/ament_prefix_path.sh
[0.941s] -- Up-to-date: /home/ibrahim/R2D2/install/action_interfaces/share/action_interfaces/environment/ament_prefix_path.dsv
[0.941s] -- Up-to-date: /home/ibrahim/R2D2/install/action_interfaces/share/action_interfaces/environment/path.sh
[0.941s] -- Up-to-date: /home/ibrahim/R2D2/install/action_interfaces/share/action_interfaces/environment/path.dsv
[0.942s] -- Up-to-date: /home/ibrahim/R2D2/install/action_interfaces/share/action_interfaces/local_setup.bash
[0.942s] -- Up-to-date: /home/ibrahim/R2D2/install/action_interfaces/share/action_interfaces/local_setup.sh
[0.942s] -- Up-to-date: /home/ibrahim/R2D2/install/action_interfaces/share/action_interfaces/local_setup.zsh
[0.942s] -- Up-to-date: /home/ibrahim/R2D2/install/action_interfaces/share/action_interfaces/local_setup.dsv
[0.942s] -- Installing: /home/ibrahim/R2D2/install/action_interfaces/share/action_interfaces/package.dsv
[0.942s] -- Up-to-date: /home/ibrahim/R2D2/install/action_interfaces/share/ament_index/resource_index/packages/action_interfaces
[0.943s] -- Up-to-date: /home/ibrahim/R2D2/install/action_interfaces/share/action_interfaces/cmake/export_action_interfaces__rosidl_generator_cExport.cmake
[0.943s] -- Up-to-date: /home/ibrahim/R2D2/install/action_interfaces/share/action_interfaces/cmake/export_action_interfaces__rosidl_generator_cExport-noconfig.cmake
[0.943s] -- Up-to-date: /home/ibrahim/R2D2/install/action_interfaces/share/action_interfaces/cmake/export_action_interfaces__rosidl_typesupport_fastrtps_cExport.cmake
[0.943s] -- Up-to-date: /home/ibrahim/R2D2/install/action_interfaces/share/action_interfaces/cmake/export_action_interfaces__rosidl_typesupport_fastrtps_cExport-noconfig.cmake
[0.944s] -- Up-to-date: /home/ibrahim/R2D2/install/action_interfaces/share/action_interfaces/cmake/action_interfaces__rosidl_typesupport_introspection_cExport.cmake
[0.944s] -- Up-to-date: /home/ibrahim/R2D2/install/action_interfaces/share/action_interfaces/cmake/action_interfaces__rosidl_typesupport_introspection_cExport-noconfig.cmake
[0.944s] -- Up-to-date: /home/ibrahim/R2D2/install/action_interfaces/share/action_interfaces/cmake/action_interfaces__rosidl_typesupport_cExport.cmake
[0.944s] -- Up-to-date: /home/ibrahim/R2D2/install/action_interfaces/share/action_interfaces/cmake/action_interfaces__rosidl_typesupport_cExport-noconfig.cmake
[0.944s] -- Up-to-date: /home/ibrahim/R2D2/install/action_interfaces/share/action_interfaces/cmake/export_action_interfaces__rosidl_generator_cppExport.cmake
[0.944s] -- Up-to-date: /home/ibrahim/R2D2/install/action_interfaces/share/action_interfaces/cmake/export_action_interfaces__rosidl_typesupport_fastrtps_cppExport.cmake
[0.945s] -- Up-to-date: /home/ibrahim/R2D2/install/action_interfaces/share/action_interfaces/cmake/export_action_interfaces__rosidl_typesupport_fastrtps_cppExport-noconfig.cmake
[0.945s] -- Up-to-date: /home/ibrahim/R2D2/install/action_interfaces/share/action_interfaces/cmake/action_interfaces__rosidl_typesupport_introspection_cppExport.cmake
[0.945s] -- Up-to-date: /home/ibrahim/R2D2/install/action_interfaces/share/action_interfaces/cmake/action_interfaces__rosidl_typesupport_introspection_cppExport-noconfig.cmake
[0.945s] -- Up-to-date: /home/ibrahim/R2D2/install/action_interfaces/share/action_interfaces/cmake/action_interfaces__rosidl_typesupport_cppExport.cmake
[0.945s] -- Up-to-date: /home/ibrahim/R2D2/install/action_interfaces/share/action_interfaces/cmake/action_interfaces__rosidl_typesupport_cppExport-noconfig.cmake
[0.945s] -- Up-to-date: /home/ibrahim/R2D2/install/action_interfaces/share/action_interfaces/cmake/export_action_interfaces__rosidl_generator_pyExport.cmake
[0.945s] -- Up-to-date: /home/ibrahim/R2D2/install/action_interfaces/share/action_interfaces/cmake/export_action_interfaces__rosidl_generator_pyExport-noconfig.cmake
[0.945s] -- Up-to-date: /home/ibrahim/R2D2/install/action_interfaces/share/action_interfaces/cmake/rosidl_cmake-extras.cmake
[0.945s] -- Up-to-date: /home/ibrahim/R2D2/install/action_interfaces/share/action_interfaces/cmake/ament_cmake_export_dependencies-extras.cmake
[0.945s] -- Up-to-date: /home/ibrahim/R2D2/install/action_interfaces/share/action_interfaces/cmake/ament_cmake_export_include_directories-extras.cmake
[0.946s] -- Up-to-date: /home/ibrahim/R2D2/install/action_interfaces/share/action_interfaces/cmake/ament_cmake_export_libraries-extras.cmake
[0.946s] -- Up-to-date: /home/ibrahim/R2D2/install/action_interfaces/share/action_interfaces/cmake/ament_cmake_export_targets-extras.cmake
[0.946s] -- Up-to-date: /home/ibrahim/R2D2/install/action_interfaces/share/action_interfaces/cmake/rosidl_cmake_export_typesupport_targets-extras.cmake
[0.946s] -- Up-to-date: /home/ibrahim/R2D2/install/action_interfaces/share/action_interfaces/cmake/rosidl_cmake_export_typesupport_libraries-extras.cmake
[0.946s] -- Up-to-date: /home/ibrahim/R2D2/install/action_interfaces/share/action_interfaces/cmake/action_interfacesConfig.cmake
[0.946s] -- Up-to-date: /home/ibrahim/R2D2/install/action_interfaces/share/action_interfaces/cmake/action_interfacesConfig-version.cmake
[0.946s] -- Up-to-date: /home/ibrahim/R2D2/install/action_interfaces/share/action_interfaces/package.xml
[0.950s] Invoked command in '/home/ibrahim/R2D2/build/action_interfaces' returned '0': CMAKE_PREFIX_PATH=${CMAKE_PREFIX_PATH}:/home/ibrahim/RobotArm/install/main_arm_package:/home/ibrahim/RobotArm/install/action_interfaces:/opt/ros/humble /usr/bin/cmake --install /home/ibrahim/R2D2/build/action_interfaces
