[0.119s] Invoking command in '/home/ibrahim/R2D2/build/r2d2_main': CMAKE_PREFIX_PATH=/home/ibrahim/R2D2/install/action_interfaces:/home/ibrahim/R2D2/install/r2d2_main:/home/ibrahim/RobotArmExpanded/install/main_arm_package:/home/ibrahim/RobotArmExpanded/install/action_interfaces:/home/ibrahim/MoveItArm/install/moveit_config:/home/ibrahim/MoveItArm/install/moveit_arm_package:/home/ibrahim/TF2Sample/install/tf2sim:/home/ibrahim/RobotNav/install/main_robot_nodes:/home/ibrahim/RobotNav/install/action_interfaces:/home/ibrahim/RobotMonitor/install/Robot3Node_Package:/home/ibrahim/ros2_ws/install/my_first_package:/home/ibrahim/ros2_ws/install/action_interfaces:/home/ibrahim/RobotArm/install/main_arm_package:/home/ibrahim/RobotArm/install/action_interfaces:/opt/ros/humble /usr/bin/cmake --build /home/ibrahim/R2D2/build/r2d2_main -- -j16 -l16
[0.158s] -- Found ament_cmake: 1.3.14 (/opt/ros/humble/share/ament_cmake/cmake)
[0.294s] -- Found rclcpp: 16.0.19 (/opt/ros/humble/share/rclcpp/cmake)
[0.474s] -- Found rosidl_generator_c: 3.1.8 (/opt/ros/humble/share/rosidl_generator_c/cmake)
[0.475s] -- Found rosidl_adapter: 3.1.8 (/opt/ros/humble/share/rosidl_adapter/cmake)
[0.480s] -- Found rosidl_generator_cpp: 3.1.8 (/opt/ros/humble/share/rosidl_generator_cpp/cmake)
[0.488s] -- Using all available rosidl_typesupport_c: rosidl_typesupport_fastrtps_c;rosidl_typesupport_introspection_c
[0.499s] -- Using all available rosidl_typesupport_cpp: rosidl_typesupport_fastrtps_cpp;rosidl_typesupport_introspection_cpp
[0.526s] -- Found rmw_implementation_cmake: 6.1.2 (/opt/ros/humble/share/rmw_implementation_cmake/cmake)
[0.528s] -- Found rmw_cyclonedds_cpp: 1.3.4 (/opt/ros/humble/share/rmw_cyclonedds_cpp/cmake)
[0.544s] -- Using RMW implementation 'rmw_cyclonedds_cpp' as default
[0.583s] -- Found rclcpp_action: 16.0.19 (/opt/ros/humble/share/rclcpp_action/cmake)
[0.609s] -- Found action_interfaces: 0.0.0 (/home/ibrahim/R2D2/install/action_interfaces/share/action_interfaces/cmake)
[0.619s] -- Found nav2_msgs: 1.1.20 (/opt/ros/humble/share/nav2_msgs/cmake)
[0.660s] -- Found tf2_ros: 0.25.20 (/opt/ros/humble/share/tf2_ros/cmake)
[0.726s] -- Found sensor_msgs: 4.9.1 (/opt/ros/humble/share/sensor_msgs/cmake)
[0.760s] -- Found ament_lint_auto: 0.12.15 (/opt/ros/humble/share/ament_lint_auto/cmake)
[0.855s] -- Added test 'cppcheck' to perform static code analysis on C / C++ code
[0.855s] -- Configured cppcheck include dirs: $<BUILD_INTERFACE:/home/ibrahim/R2D2/src/r2d2_main/include>
[0.855s] -- Configured cppcheck exclude dirs and/or files: 
[0.856s] -- Added test 'flake8' to check Python code syntax and style conventions
[0.857s] -- Added test 'lint_cmake' to check CMake code style
[0.858s] -- Added test 'pep257' to check Python code against some of the docstring style conventions in PEP 257
[0.861s] -- Added test 'uncrustify' to check C / C++ code style
[0.861s] -- Configured uncrustify additional arguments: 
[0.862s] -- Added test 'xmllint' to check XML markup files
[0.866s] -- Configuring done
[0.909s] -- Generating done
[0.919s] -- Build files have been written to: /home/ibrahim/R2D2/build/r2d2_main
[0.956s] Consolidate compiler generated dependencies of target LidarDetect
[0.966s] Consolidate compiler generated dependencies of target NavigationServer
[0.968s] Consolidate compiler generated dependencies of target NavigationClient
[0.973s] [ 25%] Built target LidarDetect
[0.974s] [ 37%] Building CXX object CMakeFiles/CameraRotator.dir/src/CameraRotator.cpp.o
[0.986s] [ 50%] Building CXX object CMakeFiles/NavigationServer.dir/src/NavigationServer.cpp.o
[0.989s] [ 75%] Built target NavigationClient
[4.434s] /home/ibrahim/R2D2/src/r2d2_main/src/NavigationServer.cpp: In constructor ‘NavigationServer::NavigationServer()’:
[4.434s] /home/ibrahim/R2D2/src/r2d2_main/src/NavigationServer.cpp:66:66: error: no matching function for call to ‘std_msgs::msg::Float64_<std::allocator<void> >::Float64_(<brace-enclosed initializer list>)’
[4.434s]    66 |             camera_angle_pub_->publish(std_msgs::msg::Float64{2.0});  // test angle (off-forward) so the rotator visibly moves
[4.434s]       |                                                                  ^
[4.435s] In file included from /opt/ros/humble/include/std_msgs/std_msgs/msg/float64.hpp:7,
[4.435s]                  from /home/ibrahim/R2D2/src/r2d2_main/src/NavigationServer.cpp:17:
[4.435s] /opt/ros/humble/include/std_msgs/std_msgs/msg/detail/float64__struct.hpp:46:12: note: candidate: ‘std_msgs::msg::Float64_<ContainerAllocator>::Float64_(const ContainerAllocator&, rosidl_runtime_cpp::MessageInitialization) [with ContainerAllocator = std::allocator<void>]’
[4.435s]    46 |   explicit Float64_(const ContainerAllocator & _alloc, rosidl_runtime_cpp::MessageInitialization _init = rosidl_runtime_cpp::MessageInitialization::ALL)
[4.435s]       |            ^~~~~~~~
[4.436s] /opt/ros/humble/include/std_msgs/std_msgs/msg/detail/float64__struct.hpp:46:48: note:   no known conversion for argument 1 from ‘double’ to ‘const std::allocator<void>&’
[4.436s]    46 |   explicit Float64_(const ContainerAllocator & _alloc, rosidl_runtime_cpp::MessageInitialization _init = rosidl_runtime_cpp::MessageInitialization::ALL)
[4.436s]       |                     ~~~~~~~~~~~~~~~~~~~~~~~~~~~^~~~~~
[4.436s] /opt/ros/humble/include/std_msgs/std_msgs/msg/detail/float64__struct.hpp:37:12: note: candidate: ‘std_msgs::msg::Float64_<ContainerAllocator>::Float64_(rosidl_runtime_cpp::MessageInitialization) [with ContainerAllocator = std::allocator<void>]’
[4.436s]    37 |   explicit Float64_(rosidl_runtime_cpp::MessageInitialization _init = rosidl_runtime_cpp::MessageInitialization::ALL)
[4.436s]       |            ^~~~~~~~
[4.436s] /opt/ros/humble/include/std_msgs/std_msgs/msg/detail/float64__struct.hpp:37:63: note:   no known conversion for argument 1 from ‘double’ to ‘rosidl_runtime_cpp::MessageInitialization’
[4.436s]    37 |   explicit Float64_(rosidl_runtime_cpp::MessageInitialization _init = rosidl_runtime_cpp::MessageInitialization::ALL)
[4.436s]       |                     ~~~~~~~~~~~~~~~~~~~~~~~~~~~~~~~~~~~~~~~~~~^~~~~~~~~~~~~~~~~~~~~~~~~~~~~~~~~~~~~~~~~~~~~~~~~~~~~~
[4.436s] /opt/ros/humble/include/std_msgs/std_msgs/msg/detail/float64__struct.hpp:33:8: note: candidate: ‘constexpr std_msgs::msg::Float64_<std::allocator<void> >::Float64_(const std_msgs::msg::Float64_<std::allocator<void> >&)’
[4.436s]    33 | struct Float64_
[4.436s]       |        ^~~~~~~~
[4.436s] /opt/ros/humble/include/std_msgs/std_msgs/msg/detail/float64__struct.hpp:33:8: note:   no known conversion for argument 1 from ‘double’ to ‘const std_msgs::msg::Float64_<std::allocator<void> >&’
[4.436s] /opt/ros/humble/include/std_msgs/std_msgs/msg/detail/float64__struct.hpp:33:8: note: candidate: ‘constexpr std_msgs::msg::Float64_<std::allocator<void> >::Float64_(std_msgs::msg::Float64_<std::allocator<void> >&&)’
[4.436s] /opt/ros/humble/include/std_msgs/std_msgs/msg/detail/float64__struct.hpp:33:8: note:   no known conversion for argument 1 from ‘double’ to ‘std_msgs::msg::Float64_<std::allocator<void> >&&’
[4.469s] /home/ibrahim/R2D2/src/r2d2_main/src/NavigationServer.cpp: In member function ‘void NavigationServer::blindMove(std::shared_ptr<rclcpp_action::ServerGoalHandle<action_interfaces::action::Nav> >, double, double)’:
[4.469s] /home/ibrahim/R2D2/src/r2d2_main/src/NavigationServer.cpp:214:74: error: no matching function for call to ‘std_msgs::msg::Float64_<std::allocator<void> >::Float64_(<brace-enclosed initializer list>)’
[4.469s]   214 |                     camera_angle_pub_->publish(std_msgs::msg::Float64{0.0});  // look forward
[4.469s]       |                                                                          ^
[4.469s] In file included from /opt/ros/humble/include/std_msgs/std_msgs/msg/float64.hpp:7,
[4.469s]                  from /home/ibrahim/R2D2/src/r2d2_main/src/NavigationServer.cpp:17:
[4.469s] /opt/ros/humble/include/std_msgs/std_msgs/msg/detail/float64__struct.hpp:46:12: note: candidate: ‘std_msgs::msg::Float64_<ContainerAllocator>::Float64_(const ContainerAllocator&, rosidl_runtime_cpp::MessageInitialization) [with ContainerAllocator = std::allocator<void>]’
[4.469s]    46 |   explicit Float64_(const ContainerAllocator & _alloc, rosidl_runtime_cpp::MessageInitialization _init = rosidl_runtime_cpp::MessageInitialization::ALL)
[4.470s]       |            ^~~~~~~~
[4.470s] /opt/ros/humble/include/std_msgs/std_msgs/msg/detail/float64__struct.hpp:46:48: note:   no known conversion for argument 1 from ‘double’ to ‘const std::allocator<void>&’
[4.470s]    46 |   explicit Float64_(const ContainerAllocator & _alloc, rosidl_runtime_cpp::MessageInitialization _init = rosidl_runtime_cpp::MessageInitialization::ALL)
[4.470s]       |                     ~~~~~~~~~~~~~~~~~~~~~~~~~~~^~~~~~
[4.470s] /opt/ros/humble/include/std_msgs/std_msgs/msg/detail/float64__struct.hpp:37:12: note: candidate: ‘std_msgs::msg::Float64_<ContainerAllocator>::Float64_(rosidl_runtime_cpp::MessageInitialization) [with ContainerAllocator = std::allocator<void>]’
[4.470s]    37 |   explicit Float64_(rosidl_runtime_cpp::MessageInitialization _init = rosidl_runtime_cpp::MessageInitialization::ALL)
[4.470s]       |            ^~~~~~~~
[4.470s] /opt/ros/humble/include/std_msgs/std_msgs/msg/detail/float64__struct.hpp:37:63: note:   no known conversion for argument 1 from ‘double’ to ‘rosidl_runtime_cpp::MessageInitialization’
[4.470s]    37 |   explicit Float64_(rosidl_runtime_cpp::MessageInitialization _init = rosidl_runtime_cpp::MessageInitialization::ALL)
[4.470s]       |                     ~~~~~~~~~~~~~~~~~~~~~~~~~~~~~~~~~~~~~~~~~~^~~~~~~~~~~~~~~~~~~~~~~~~~~~~~~~~~~~~~~~~~~~~~~~~~~~~~
[4.470s] /opt/ros/humble/include/std_msgs/std_msgs/msg/detail/float64__struct.hpp:33:8: note: candidate: ‘constexpr std_msgs::msg::Float64_<std::allocator<void> >::Float64_(const std_msgs::msg::Float64_<std::allocator<void> >&)’
[4.470s]    33 | struct Float64_
[4.470s]       |        ^~~~~~~~
[4.470s] /opt/ros/humble/include/std_msgs/std_msgs/msg/detail/float64__struct.hpp:33:8: note:   no known conversion for argument 1 from ‘double’ to ‘const std_msgs::msg::Float64_<std::allocator<void> >&’
[4.470s] /opt/ros/humble/include/std_msgs/std_msgs/msg/detail/float64__struct.hpp:33:8: note: candidate: ‘constexpr std_msgs::msg::Float64_<std::allocator<void> >::Float64_(std_msgs::msg::Float64_<std::allocator<void> >&&)’
[4.470s] /opt/ros/humble/include/std_msgs/std_msgs/msg/detail/float64__struct.hpp:33:8: note:   no known conversion for argument 1 from ‘double’ to ‘std_msgs::msg::Float64_<std::allocator<void> >&&’
[8.106s] gmake[2]: *** [CMakeFiles/NavigationServer.dir/build.make:76: CMakeFiles/NavigationServer.dir/src/NavigationServer.cpp.o] Error 1
[8.106s] gmake[1]: *** [CMakeFiles/Makefile2:169: CMakeFiles/NavigationServer.dir/all] Error 2
[8.106s] gmake[1]: *** Waiting for unfinished jobs....
[12.696s] [ 87%] Linking CXX executable CameraRotator
[13.417s] [ 87%] Built target CameraRotator
[13.419s] gmake: *** [Makefile:146: all] Error 2
[13.422s] Invoked command in '/home/ibrahim/R2D2/build/r2d2_main' returned '2': CMAKE_PREFIX_PATH=/home/ibrahim/R2D2/install/action_interfaces:/home/ibrahim/R2D2/install/r2d2_main:/home/ibrahim/RobotArmExpanded/install/main_arm_package:/home/ibrahim/RobotArmExpanded/install/action_interfaces:/home/ibrahim/MoveItArm/install/moveit_config:/home/ibrahim/MoveItArm/install/moveit_arm_package:/home/ibrahim/TF2Sample/install/tf2sim:/home/ibrahim/RobotNav/install/main_robot_nodes:/home/ibrahim/RobotNav/install/action_interfaces:/home/ibrahim/RobotMonitor/install/Robot3Node_Package:/home/ibrahim/ros2_ws/install/my_first_package:/home/ibrahim/ros2_ws/install/action_interfaces:/home/ibrahim/RobotArm/install/main_arm_package:/home/ibrahim/RobotArm/install/action_interfaces:/opt/ros/humble /usr/bin/cmake --build /home/ibrahim/R2D2/build/r2d2_main -- -j16 -l16
