-- The C compiler identification is GNU 11.4.0
-- The CXX compiler identification is GNU 11.4.0
-- Detecting C compiler ABI info
-- Detecting C compiler ABI info - done
-- Check for working C compiler: /usr/bin/cc - skipped
-- Detecting C compile features
-- Detecting C compile features - done
-- Detecting CXX compiler ABI info
-- Detecting CXX compiler ABI info - done
-- Check for working CXX compiler: /usr/bin/c++ - skipped
-- Detecting CXX compile features
-- Detecting CXX compile features - done
-- Found ament_cmake: 1.3.14 (/opt/ros/humble/share/ament_cmake/cmake)
-- Found Python3: /usr/bin/python3 (found version "3.10.12") found components: Interpreter 
-- Found ament_lint_auto: 0.12.15 (/opt/ros/humble/share/ament_lint_auto/cmake)
-- Added test 'cppcheck' to perform static code analysis on C / C++ code
-- Configured cppcheck include dirs: $<BUILD_INTERFACE:/home/ibrahim/R2D2/src/r2d2_main/include>
-- Configured cppcheck exclude dirs and/or files: 
-- Added test 'lint_cmake' to check CMake code style
-- Added test 'uncrustify' to check C / C++ code style
-- Configured uncrustify additional arguments: 
-- Added test 'xmllint' to check XML markup files
-- Configuring done
-- Generating done
-- Build files have been written to: /home/ibrahim/R2D2/build/r2d2_main
[ 50%] [32mBuilding CXX object CMakeFiles/LidarDetect.dir/src/LidarDetect.cpp.o[0m
[100%] [32m[1mLinking CXX executable LidarDetect[0m
[100%] Built target LidarDetect
-- Install configuration: ""
-- Installing: /home/ibrahim/R2D2/install/r2d2_main/lib/r2d2_main/LidarDetect
-- Installing: /home/ibrahim/R2D2/install/r2d2_main/share/ament_index/resource_index/package_run_dependencies/r2d2_main
-- Installing: /home/ibrahim/R2D2/install/r2d2_main/share/ament_index/resource_index/parent_prefix_path/r2d2_main
-- Installing: /home/ibrahim/R2D2/install/r2d2_main/share/r2d2_main/environment/ament_prefix_path.sh
-- Installing: /home/ibrahim/R2D2/install/r2d2_main/share/r2d2_main/environment/ament_prefix_path.dsv
-- Installing: /home/ibrahim/R2D2/install/r2d2_main/share/r2d2_main/environment/path.sh
-- Installing: /home/ibrahim/R2D2/install/r2d2_main/share/r2d2_main/environment/path.dsv
-- Installing: /home/ibrahim/R2D2/install/r2d2_main/share/r2d2_main/local_setup.bash
-- Installing: /home/ibrahim/R2D2/install/r2d2_main/share/r2d2_main/local_setup.sh
-- Installing: /home/ibrahim/R2D2/install/r2d2_main/share/r2d2_main/local_setup.zsh
-- Installing: /home/ibrahim/R2D2/install/r2d2_main/share/r2d2_main/local_setup.dsv
-- Installing: /home/ibrahim/R2D2/install/r2d2_main/share/r2d2_main/package.dsv
-- Installing: /home/ibrahim/R2D2/install/r2d2_main/share/ament_index/resource_index/packages/r2d2_main
-- Installing: /home/ibrahim/R2D2/install/r2d2_main/share/r2d2_main/cmake/r2d2_mainConfig.cmake
-- Installing: /home/ibrahim/R2D2/install/r2d2_main/share/r2d2_main/cmake/r2d2_mainConfig-version.cmake
-- Installing: /home/ibrahim/R2D2/install/r2d2_main/share/r2d2_main/package.xml
