[0.029s] Invoking command in '/home/ibrahim/R2D2/build/r2d2_main': CMAKE_PREFIX_PATH=${CMAKE_PREFIX_PATH}:/home/ibrahim/RobotArm/install/main_arm_package:/home/ibrahim/RobotArm/install/action_interfaces:/opt/ros/humble /usr/bin/cmake --build /home/ibrahim/R2D2/build/r2d2_main -- -j16 -l16
[0.165s] -- Found ament_cmake: 1.3.14 (/opt/ros/humble/share/ament_cmake/cmake)
[0.401s] -- Found ament_lint_auto: 0.12.15 (/opt/ros/humble/share/ament_lint_auto/cmake)
[0.502s] -- Added test 'cppcheck' to perform static code analysis on C / C++ code
[0.503s] -- Configured cppcheck include dirs: $<BUILD_INTERFACE:/home/ibrahim/R2D2/src/r2d2_main/include>
[0.503s] -- Configured cppcheck exclude dirs and/or files: 
[0.504s] -- Added test 'flake8' to check Python code syntax and style conventions
[0.505s] -- Added test 'lint_cmake' to check CMake code style
[0.506s] -- Added test 'pep257' to check Python code against some of the docstring style conventions in PEP 257
[0.508s] -- Added test 'uncrustify' to check C / C++ code style
[0.508s] -- Configured uncrustify additional arguments: 
[0.509s] -- Added test 'xmllint' to check XML markup files
[0.513s] -- Configuring done
[0.542s] -- Generating done
[0.549s] -- Build files have been written to: /home/ibrahim/R2D2/build/r2d2_main
[0.582s] [35m[1mConsolidate compiler generated dependencies of target LidarDetect[0m
[0.598s] [100%] Built target LidarDetect
[0.616s] Invoked command in '/home/ibrahim/R2D2/build/r2d2_main' returned '0': CMAKE_PREFIX_PATH=${CMAKE_PREFIX_PATH}:/home/ibrahim/RobotArm/install/main_arm_package:/home/ibrahim/RobotArm/install/action_interfaces:/opt/ros/humble /usr/bin/cmake --build /home/ibrahim/R2D2/build/r2d2_main -- -j16 -l16
[0.631s] Invoking command in '/home/ibrahim/R2D2/build/r2d2_main': CMAKE_PREFIX_PATH=${CMAKE_PREFIX_PATH}:/home/ibrahim/RobotArm/install/main_arm_package:/home/ibrahim/RobotArm/install/action_interfaces:/opt/ros/humble /usr/bin/cmake --install /home/ibrahim/R2D2/build/r2d2_main
[0.642s] -- Install configuration: ""
[0.642s] -- Up-to-date: /home/ibrahim/R2D2/install/r2d2_main/lib/r2d2_main/LidarDetect
[0.642s] -- Up-to-date: /home/ibrahim/R2D2/install/r2d2_main/share/r2d2_main/launch
[0.643s] -- Up-to-date: /home/ibrahim/R2D2/install/r2d2_main/share/r2d2_main/launch/display.launch.py
[0.643s] -- Installing: /home/ibrahim/R2D2/install/r2d2_main/share/r2d2_main/launch/gazebo.launch.py
[0.643s] -- Up-to-date: /home/ibrahim/R2D2/install/r2d2_main/share/r2d2_main/urdf
[0.643s] -- Up-to-date: /home/ibrahim/R2D2/install/r2d2_main/share/r2d2_main/urdf/robot.urdf
[0.643s] -- Up-to-date: /home/ibrahim/R2D2/install/r2d2_main/share/r2d2_main/rviz
[0.644s] -- Up-to-date: /home/ibrahim/R2D2/install/r2d2_main/share/r2d2_main/rviz/robot.rviz
[0.644s] -- Installing: /home/ibrahim/R2D2/install/r2d2_main/share/r2d2_main/worlds
[0.644s] -- Installing: /home/ibrahim/R2D2/install/r2d2_main/share/r2d2_main/worlds/world.sdf
[0.645s] -- Up-to-date: /home/ibrahim/R2D2/install/r2d2_main/share/r2d2_main/urdf
[0.645s] -- Up-to-date: /home/ibrahim/R2D2/install/r2d2_main/share/r2d2_main/urdf/robot.urdf
[0.645s] -- Up-to-date: /home/ibrahim/R2D2/install/r2d2_main/share/r2d2_main/worlds
[0.646s] [31mCMake Error at cmake_install.cmake:78 (file):
[0.646s]   file INSTALL cannot find "/home/ibrahim/R2D2/src/r2d2_main/config": No such
[0.646s]   file or directory.
[0.646s] 
[0.646s] [0m
[0.646s] -- Up-to-date: /home/ibrahim/R2D2/install/r2d2_main/share/r2d2_main/worlds/world.sdf
[0.646s] -- Up-to-date: /home/ibrahim/R2D2/install/r2d2_main/share/r2d2_main/launch
[0.646s] -- Up-to-date: /home/ibrahim/R2D2/install/r2d2_main/share/r2d2_main/launch/display.launch.py
[0.646s] -- Up-to-date: /home/ibrahim/R2D2/install/r2d2_main/share/r2d2_main/launch/gazebo.launch.py
[0.648s] Invoked command in '/home/ibrahim/R2D2/build/r2d2_main' returned '1': CMAKE_PREFIX_PATH=${CMAKE_PREFIX_PATH}:/home/ibrahim/RobotArm/install/main_arm_package:/home/ibrahim/RobotArm/install/action_interfaces:/opt/ros/humble /usr/bin/cmake --install /home/ibrahim/R2D2/build/r2d2_main
