[0.035s] Invoking command in '/home/ibrahim/R2D2/build/action_interfaces': CMAKE_PREFIX_PATH=${CMAKE_PREFIX_PATH}:/home/ibrahim/RobotArm/install/main_arm_package:/home/ibrahim/RobotArm/install/action_interfaces:/opt/ros/humble /usr/bin/cmake /home/ibrahim/R2D2/src/action_interfaces -DCMAKE_INSTALL_PREFIX=/home/ibrahim/R2D2/install/action_interfaces
[0.422s] -- The C compiler identification is GNU 11.4.0
[1.120s] -- The CXX compiler identification is GNU 11.4.0
[1.573s] -- Detecting C compiler ABI info
[1.777s] -- Detecting C compiler ABI info - done
[1.784s] -- Check for working C compiler: /usr/bin/cc - skipped
[1.784s] -- Detecting C compile features
[1.786s] -- Detecting C compile features - done
[1.790s] -- Detecting CXX compiler ABI info
[2.005s] -- Detecting CXX compiler ABI info - done
[2.011s] -- Check for working CXX compiler: /usr/bin/c++ - skipped
[2.011s] -- Detecting CXX compile features
[2.012s] -- Detecting CXX compile features - done
[2.071s] -- Found ament_cmake: 1.3.14 (/opt/ros/humble/share/ament_cmake/cmake)
[2.261s] -- Found Python3: /usr/bin/python3 (found version "3.10.12") found components: Interpreter 
[2.390s] -- Found ament_lint_auto: 0.12.15 (/opt/ros/humble/share/ament_lint_auto/cmake)
[2.494s] -- Added test 'lint_cmake' to check CMake code style
[2.497s] -- Added test 'xmllint' to check XML markup files
[2.501s] -- Configuring done
[2.510s] -- Generating done
[2.515s] -- Build files have been written to: /home/ibrahim/R2D2/build/action_interfaces
[2.522s] Invoked command in '/home/ibrahim/R2D2/build/action_interfaces' returned '0': CMAKE_PREFIX_PATH=${CMAKE_PREFIX_PATH}:/home/ibrahim/RobotArm/install/main_arm_package:/home/ibrahim/RobotArm/install/action_interfaces:/opt/ros/humble /usr/bin/cmake /home/ibrahim/R2D2/src/action_interfaces -DCMAKE_INSTALL_PREFIX=/home/ibrahim/R2D2/install/action_interfaces
[2.524s] Invoking command in '/home/ibrahim/R2D2/build/action_interfaces': CMAKE_PREFIX_PATH=${CMAKE_PREFIX_PATH}:/home/ibrahim/RobotArm/install/main_arm_package:/home/ibrahim/RobotArm/install/action_interfaces:/opt/ros/humble /usr/bin/cmake --build /home/ibrahim/R2D2/build/action_interfaces -- -j16 -l16
[2.580s] Invoked command in '/home/ibrahim/R2D2/build/action_interfaces' returned '0': CMAKE_PREFIX_PATH=${CMAKE_PREFIX_PATH}:/home/ibrahim/RobotArm/install/main_arm_package:/home/ibrahim/RobotArm/install/action_interfaces:/opt/ros/humble /usr/bin/cmake --build /home/ibrahim/R2D2/build/action_interfaces -- -j16 -l16
[2.583s] Invoking command in '/home/ibrahim/R2D2/build/action_interfaces': CMAKE_PREFIX_PATH=${CMAKE_PREFIX_PATH}:/home/ibrahim/RobotArm/install/main_arm_package:/home/ibrahim/RobotArm/install/action_interfaces:/opt/ros/humble /usr/bin/cmake --install /home/ibrahim/R2D2/build/action_interfaces
[2.592s] -- Install configuration: ""
[2.594s] -- Installing: /home/ibrahim/R2D2/install/action_interfaces/share/ament_index/resource_index/package_run_dependencies/action_interfaces
[2.595s] -- Installing: /home/ibrahim/R2D2/install/action_interfaces/share/ament_index/resource_index/parent_prefix_path/action_interfaces
[2.596s] -- Installing: /home/ibrahim/R2D2/install/action_interfaces/share/action_interfaces/environment/ament_prefix_path.sh
[2.597s] -- Installing: /home/ibrahim/R2D2/install/action_interfaces/share/action_interfaces/environment/ament_prefix_path.dsv
[2.597s] -- Installing: /home/ibrahim/R2D2/install/action_interfaces/share/action_interfaces/environment/path.sh
[2.597s] -- Installing: /home/ibrahim/R2D2/install/action_interfaces/share/action_interfaces/environment/path.dsv
[2.598s] -- Installing: /home/ibrahim/R2D2/install/action_interfaces/share/action_interfaces/local_setup.bash
[2.598s] -- Installing: /home/ibrahim/R2D2/install/action_interfaces/share/action_interfaces/local_setup.sh
[2.598s] -- Installing: /home/ibrahim/R2D2/install/action_interfaces/share/action_interfaces/local_setup.zsh
[2.599s] -- Installing: /home/ibrahim/R2D2/install/action_interfaces/share/action_interfaces/local_setup.dsv
[2.599s] -- Installing: /home/ibrahim/R2D2/install/action_interfaces/share/action_interfaces/package.dsv
[2.600s] -- Installing: /home/ibrahim/R2D2/install/action_interfaces/share/ament_index/resource_index/packages/action_interfaces
[2.601s] -- Installing: /home/ibrahim/R2D2/install/action_interfaces/share/action_interfaces/cmake/action_interfacesConfig.cmake
[2.601s] -- Installing: /home/ibrahim/R2D2/install/action_interfaces/share/action_interfaces/cmake/action_interfacesConfig-version.cmake
[2.601s] -- Installing: /home/ibrahim/R2D2/install/action_interfaces/share/action_interfaces/package.xml
[2.605s] Invoked command in '/home/ibrahim/R2D2/build/action_interfaces' returned '0': CMAKE_PREFIX_PATH=${CMAKE_PREFIX_PATH}:/home/ibrahim/RobotArm/install/main_arm_package:/home/ibrahim/RobotArm/install/action_interfaces:/opt/ros/humble /usr/bin/cmake --install /home/ibrahim/R2D2/build/action_interfaces
