[0.036s] Invoking command in '/home/ibrahim/R2D2/build/r2d2_main': CMAKE_PREFIX_PATH=${CMAKE_PREFIX_PATH}:/home/ibrahim/RobotArm/install/main_arm_package:/home/ibrahim/RobotArm/install/action_interfaces:/opt/ros/humble /usr/bin/cmake --build /home/ibrahim/R2D2/build/r2d2_main -- -j16 -l16
[0.125s] -- Found ament_cmake: 1.3.14 (/opt/ros/humble/share/ament_cmake/cmake)
[0.318s] -- Found ament_lint_auto: 0.12.15 (/opt/ros/humble/share/ament_lint_auto/cmake)
[0.419s] -- Added test 'cppcheck' to perform static code analysis on C / C++ code
[0.419s] -- Configured cppcheck include dirs: $<BUILD_INTERFACE:/home/ibrahim/R2D2/src/r2d2_main/include>
[0.419s] -- Configured cppcheck exclude dirs and/or files: 
[0.420s] -- Added test 'flake8' to check Python code syntax and style conventions
[0.421s] -- Added test 'lint_cmake' to check CMake code style
[0.422s] -- Added test 'pep257' to check Python code against some of the docstring style conventions in PEP 257
[0.425s] -- Added test 'uncrustify' to check C / C++ code style
[0.425s] -- Configured uncrustify additional arguments: 
[0.426s] -- Added test 'xmllint' to check XML markup files
[0.431s] -- Configuring done
[0.455s] -- Generating done
[0.460s] -- Build files have been written to: /home/ibrahim/R2D2/build/r2d2_main
[0.493s] [35m[1mConsolidate compiler generated dependencies of target LidarDetect[0m
[0.513s] [100%] Built target LidarDetect
[0.530s] Invoked command in '/home/ibrahim/R2D2/build/r2d2_main' returned '0': CMAKE_PREFIX_PATH=${CMAKE_PREFIX_PATH}:/home/ibrahim/RobotArm/install/main_arm_package:/home/ibrahim/RobotArm/install/action_interfaces:/opt/ros/humble /usr/bin/cmake --build /home/ibrahim/R2D2/build/r2d2_main -- -j16 -l16
[0.543s] Invoking command in '/home/ibrahim/R2D2/build/r2d2_main': CMAKE_PREFIX_PATH=${CMAKE_PREFIX_PATH}:/home/ibrahim/RobotArm/install/main_arm_package:/home/ibrahim/RobotArm/install/action_interfaces:/opt/ros/humble /usr/bin/cmake --install /home/ibrahim/R2D2/build/r2d2_main
[0.551s] -- Install configuration: ""
[0.553s] -- Up-to-date: /home/ibrahim/R2D2/install/r2d2_main/lib/r2d2_main/LidarDetect
[0.553s] -- Up-to-date: /home/ibrahim/R2D2/install/r2d2_main/share/r2d2_main/launch
[0.553s] -- Up-to-date: /home/ibrahim/R2D2/install/r2d2_main/share/r2d2_main/launch/display.launch.py
[0.553s] -- Installing: /home/ibrahim/R2D2/install/r2d2_main/share/r2d2_main/launch/gazebo.launch.py
[0.553s] -- Up-to-date: /home/ibrahim/R2D2/install/r2d2_main/share/r2d2_main/urdf
[0.554s] -- Installing: /home/ibrahim/R2D2/install/r2d2_main/share/r2d2_main/urdf/robot.urdf
[0.555s] -- Up-to-date: /home/ibrahim/R2D2/install/r2d2_main/share/r2d2_main/rviz
[0.556s] -- Up-to-date: /home/ibrahim/R2D2/install/r2d2_main/share/r2d2_main/rviz/robot.rviz
[0.556s] -- Up-to-date: /home/ibrahim/R2D2/install/r2d2_main/share/r2d2_main/worlds
[0.556s] -- Up-to-date: /home/ibrahim/R2D2/install/r2d2_main/share/r2d2_main/worlds/world.sdf
[0.556s] -- Up-to-date: /home/ibrahim/R2D2/install/r2d2_main/share/r2d2_main/config
[0.557s] -- Up-to-date: /home/ibrahim/R2D2/install/r2d2_main/share/r2d2_main/config/mapper_params.yaml
[0.557s] -- Up-to-date: /home/ibrahim/R2D2/install/r2d2_main/share/r2d2_main/maps
[0.557s] -- Up-to-date: /home/ibrahim/R2D2/install/r2d2_main/share/r2d2_main/maps/my_map.yaml
[0.558s] -- Up-to-date: /home/ibrahim/R2D2/install/r2d2_main/share/ament_index/resource_index/package_run_dependencies/r2d2_main
[0.558s] -- Installing: /home/ibrahim/R2D2/install/r2d2_main/share/ament_index/resource_index/parent_prefix_path/r2d2_main
[0.559s] -- Up-to-date: /home/ibrahim/R2D2/install/r2d2_main/share/r2d2_main/environment/ament_prefix_path.sh
[0.560s] -- Installing: /home/ibrahim/R2D2/install/r2d2_main/share/r2d2_main/environment/ament_prefix_path.dsv
[0.560s] -- Up-to-date: /home/ibrahim/R2D2/install/r2d2_main/share/r2d2_main/environment/path.sh
[0.560s] -- Installing: /home/ibrahim/R2D2/install/r2d2_main/share/r2d2_main/environment/path.dsv
[0.561s] -- Up-to-date: /home/ibrahim/R2D2/install/r2d2_main/share/r2d2_main/local_setup.bash
[0.561s] -- Up-to-date: /home/ibrahim/R2D2/install/r2d2_main/share/r2d2_main/local_setup.sh
[0.561s] -- Up-to-date: /home/ibrahim/R2D2/install/r2d2_main/share/r2d2_main/local_setup.zsh
[0.561s] -- Installing: /home/ibrahim/R2D2/install/r2d2_main/share/r2d2_main/local_setup.dsv
[0.562s] -- Installing: /home/ibrahim/R2D2/install/r2d2_main/share/r2d2_main/package.dsv
[0.562s] -- Up-to-date: /home/ibrahim/R2D2/install/r2d2_main/share/ament_index/resource_index/packages/r2d2_main
[0.563s] -- Up-to-date: /home/ibrahim/R2D2/install/r2d2_main/share/r2d2_main/cmake/r2d2_mainConfig.cmake
[0.563s] -- Up-to-date: /home/ibrahim/R2D2/install/r2d2_main/share/r2d2_main/cmake/r2d2_mainConfig-version.cmake
[0.563s] -- Up-to-date: /home/ibrahim/R2D2/install/r2d2_main/share/r2d2_main/package.xml
[0.566s] Invoked command in '/home/ibrahim/R2D2/build/r2d2_main' returned '0': CMAKE_PREFIX_PATH=${CMAKE_PREFIX_PATH}:/home/ibrahim/RobotArm/install/main_arm_package:/home/ibrahim/RobotArm/install/action_interfaces:/opt/ros/humble /usr/bin/cmake --install /home/ibrahim/R2D2/build/r2d2_main
