[0.172s] Invoking command in '/home/ibrahim/R2D2/build/r2d2_main': CMAKE_PREFIX_PATH=/home/ibrahim/R2D2/install/action_interfaces:/home/ibrahim/R2D2/install/r2d2_main:/home/ibrahim/RobotArmExpanded/install/main_arm_package:/home/ibrahim/RobotArmExpanded/install/action_interfaces:/home/ibrahim/MoveItArm/install/moveit_config:/home/ibrahim/MoveItArm/install/moveit_arm_package:/home/ibrahim/TF2Sample/install/tf2sim:/home/ibrahim/RobotNav/install/main_robot_nodes:/home/ibrahim/RobotNav/install/action_interfaces:/home/ibrahim/RobotMonitor/install/Robot3Node_Package:/home/ibrahim/ros2_ws/install/my_first_package:/home/ibrahim/ros2_ws/install/action_interfaces:/home/ibrahim/RobotArm/install/main_arm_package:/home/ibrahim/RobotArm/install/action_interfaces:/opt/ros/humble /usr/bin/cmake --build /home/ibrahim/R2D2/build/r2d2_main -- -j16 -l16
[0.276s] [ 25%] Built target LidarDetect
[0.280s] [ 75%] Built target CameraRotator
[0.281s] [ 75%] Built target NavigationServer
[0.285s] [100%] Built target NavigationClient
[0.314s] Invoked command in '/home/ibrahim/R2D2/build/r2d2_main' returned '0': CMAKE_PREFIX_PATH=/home/ibrahim/R2D2/install/action_interfaces:/home/ibrahim/R2D2/install/r2d2_main:/home/ibrahim/RobotArmExpanded/install/main_arm_package:/home/ibrahim/RobotArmExpanded/install/action_interfaces:/home/ibrahim/MoveItArm/install/moveit_config:/home/ibrahim/MoveItArm/install/moveit_arm_package:/home/ibrahim/TF2Sample/install/tf2sim:/home/ibrahim/RobotNav/install/main_robot_nodes:/home/ibrahim/RobotNav/install/action_interfaces:/home/ibrahim/RobotMonitor/install/Robot3Node_Package:/home/ibrahim/ros2_ws/install/my_first_package:/home/ibrahim/ros2_ws/install/action_interfaces:/home/ibrahim/RobotArm/install/main_arm_package:/home/ibrahim/RobotArm/install/action_interfaces:/opt/ros/humble /usr/bin/cmake --build /home/ibrahim/R2D2/build/r2d2_main -- -j16 -l16
[0.317s] Invoking command in '/home/ibrahim/R2D2/build/r2d2_main': CMAKE_PREFIX_PATH=/home/ibrahim/R2D2/install/action_interfaces:/home/ibrahim/R2D2/install/r2d2_main:/home/ibrahim/RobotArmExpanded/install/main_arm_package:/home/ibrahim/RobotArmExpanded/install/action_interfaces:/home/ibrahim/MoveItArm/install/moveit_config:/home/ibrahim/MoveItArm/install/moveit_arm_package:/home/ibrahim/TF2Sample/install/tf2sim:/home/ibrahim/RobotNav/install/main_robot_nodes:/home/ibrahim/RobotNav/install/action_interfaces:/home/ibrahim/RobotMonitor/install/Robot3Node_Package:/home/ibrahim/ros2_ws/install/my_first_package:/home/ibrahim/ros2_ws/install/action_interfaces:/home/ibrahim/RobotArm/install/main_arm_package:/home/ibrahim/RobotArm/install/action_interfaces:/opt/ros/humble /usr/bin/cmake --install /home/ibrahim/R2D2/build/r2d2_main
[0.333s] -- Install configuration: ""
[0.334s] -- Up-to-date: /home/ibrahim/R2D2/install/r2d2_main/lib/r2d2_main/LidarDetect
[0.334s] -- Up-to-date: /home/ibrahim/R2D2/install/r2d2_main/lib/r2d2_main/NavigationServer
[0.334s] -- Up-to-date: /home/ibrahim/R2D2/install/r2d2_main/lib/r2d2_main/NavigationClient
[0.335s] -- Up-to-date: /home/ibrahim/R2D2/install/r2d2_main/lib/r2d2_main/CameraRotator
[0.335s] -- Up-to-date: /home/ibrahim/R2D2/install/r2d2_main/share/r2d2_main/launch
[0.336s] -- Up-to-date: /home/ibrahim/R2D2/install/r2d2_main/share/r2d2_main/launch/bringup.launch.py
[0.336s] -- Up-to-date: /home/ibrahim/R2D2/install/r2d2_main/share/r2d2_main/launch/display.launch.py
[0.337s] -- Up-to-date: /home/ibrahim/R2D2/install/r2d2_main/share/r2d2_main/launch/slam_rviz.launch.py
[0.338s] -- Up-to-date: /home/ibrahim/R2D2/install/r2d2_main/share/r2d2_main/launch/__pycache__
[0.339s] -- Up-to-date: /home/ibrahim/R2D2/install/r2d2_main/share/r2d2_main/launch/__pycache__/gazebo.launch.cpython-310.pyc
[0.339s] -- Up-to-date: /home/ibrahim/R2D2/install/r2d2_main/share/r2d2_main/launch/gazebo.launch.py
[0.339s] -- Up-to-date: /home/ibrahim/R2D2/install/r2d2_main/share/r2d2_main/launch/nav2.launch.py
[0.339s] -- Up-to-date: /home/ibrahim/R2D2/install/r2d2_main/share/r2d2_main/urdf
[0.340s] -- Up-to-date: /home/ibrahim/R2D2/install/r2d2_main/share/r2d2_main/urdf/robot.urdf
[0.340s] -- Up-to-date: /home/ibrahim/R2D2/install/r2d2_main/share/r2d2_main/rviz
[0.341s] -- Up-to-date: /home/ibrahim/R2D2/install/r2d2_main/share/r2d2_main/rviz/robot.rviz
[0.341s] -- Up-to-date: /home/ibrahim/R2D2/install/r2d2_main/share/r2d2_main/rviz/model.rviz
[0.341s] -- Up-to-date: /home/ibrahim/R2D2/install/r2d2_main/share/r2d2_main/worlds
[0.341s] -- Up-to-date: /home/ibrahim/R2D2/install/r2d2_main/share/r2d2_main/worlds/world.sdf
[0.341s] -- Up-to-date: /home/ibrahim/R2D2/install/r2d2_main/share/r2d2_main/config
[0.341s] -- Up-to-date: /home/ibrahim/R2D2/install/r2d2_main/share/r2d2_main/config/rotator_controllers.yaml
[0.341s] -- Up-to-date: /home/ibrahim/R2D2/install/r2d2_main/share/r2d2_main/config/mapper_params.yaml
[0.342s] -- Up-to-date: /home/ibrahim/R2D2/install/r2d2_main/share/r2d2_main/config/nav2_params.yaml
[0.342s] -- Up-to-date: /home/ibrahim/R2D2/install/r2d2_main/share/r2d2_main/maps
[0.343s] -- Up-to-date: /home/ibrahim/R2D2/install/r2d2_main/share/r2d2_main/maps/my_map.yaml
[0.343s] -- Up-to-date: /home/ibrahim/R2D2/install/r2d2_main/share/ament_index/resource_index/package_run_dependencies/r2d2_main
[0.343s] -- Up-to-date: /home/ibrahim/R2D2/install/r2d2_main/share/ament_index/resource_index/parent_prefix_path/r2d2_main
[0.343s] -- Up-to-date: /home/ibrahim/R2D2/install/r2d2_main/share/r2d2_main/environment/ament_prefix_path.sh
[0.344s] -- Up-to-date: /home/ibrahim/R2D2/install/r2d2_main/share/r2d2_main/environment/ament_prefix_path.dsv
[0.344s] -- Up-to-date: /home/ibrahim/R2D2/install/r2d2_main/share/r2d2_main/environment/path.sh
[0.345s] -- Up-to-date: /home/ibrahim/R2D2/install/r2d2_main/share/r2d2_main/environment/path.dsv
[0.346s] -- Up-to-date: /home/ibrahim/R2D2/install/r2d2_main/share/r2d2_main/local_setup.bash
[0.347s] -- Up-to-date: /home/ibrahim/R2D2/install/r2d2_main/share/r2d2_main/local_setup.sh
[0.347s] -- Up-to-date: /home/ibrahim/R2D2/install/r2d2_main/share/r2d2_main/local_setup.zsh
[0.348s] -- Up-to-date: /home/ibrahim/R2D2/install/r2d2_main/share/r2d2_main/local_setup.dsv
[0.348s] -- Installing: /home/ibrahim/R2D2/install/r2d2_main/share/r2d2_main/package.dsv
[0.348s] -- Up-to-date: /home/ibrahim/R2D2/install/r2d2_main/share/ament_index/resource_index/packages/r2d2_main
[0.349s] -- Up-to-date: /home/ibrahim/R2D2/install/r2d2_main/share/r2d2_main/cmake/r2d2_mainConfig.cmake
[0.349s] -- Up-to-date: /home/ibrahim/R2D2/install/r2d2_main/share/r2d2_main/cmake/r2d2_mainConfig-version.cmake
[0.350s] -- Up-to-date: /home/ibrahim/R2D2/install/r2d2_main/share/r2d2_main/package.xml
[0.351s] Invoked command in '/home/ibrahim/R2D2/build/r2d2_main' returned '0': CMAKE_PREFIX_PATH=/home/ibrahim/R2D2/install/action_interfaces:/home/ibrahim/R2D2/install/r2d2_main:/home/ibrahim/RobotArmExpanded/install/main_arm_package:/home/ibrahim/RobotArmExpanded/install/action_interfaces:/home/ibrahim/MoveItArm/install/moveit_config:/home/ibrahim/MoveItArm/install/moveit_arm_package:/home/ibrahim/TF2Sample/install/tf2sim:/home/ibrahim/RobotNav/install/main_robot_nodes:/home/ibrahim/RobotNav/install/action_interfaces:/home/ibrahim/RobotMonitor/install/Robot3Node_Package:/home/ibrahim/ros2_ws/install/my_first_package:/home/ibrahim/ros2_ws/install/action_interfaces:/home/ibrahim/RobotArm/install/main_arm_package:/home/ibrahim/RobotArm/install/action_interfaces:/opt/ros/humble /usr/bin/cmake --install /home/ibrahim/R2D2/build/r2d2_main
