[0.086s] Invoking command in '/home/ibrahim/R2D2/build/r2d2_main': AMENT_PREFIX_PATH=/home/ibrahim/R2D2/install/action_interfaces:${AMENT_PREFIX_PATH} CMAKE_PREFIX_PATH=/home/ibrahim/R2D2/install/action_interfaces:/home/ibrahim/RobotArmExpanded/install/main_arm_package:/home/ibrahim/RobotArmExpanded/install/action_interfaces:/home/ibrahim/MoveItArm/install/moveit_config:/home/ibrahim/MoveItArm/install/moveit_arm_package:/home/ibrahim/TF2Sample/install/tf2sim:/home/ibrahim/RobotNav/install/main_robot_nodes:/home/ibrahim/RobotNav/install/action_interfaces:/home/ibrahim/RobotMonitor/install/Robot3Node_Package:/home/ibrahim/ros2_ws/install/my_first_package:/home/ibrahim/ros2_ws/install/action_interfaces:/home/ibrahim/RobotArm/install/main_arm_package:/home/ibrahim/RobotArm/install/action_interfaces:/opt/ros/humble LD_LIBRARY_PATH=/home/ibrahim/R2D2/install/action_interfaces/lib:${LD_LIBRARY_PATH} PYTHONPATH=/home/ibrahim/R2D2/install/action_interfaces/local/lib/python3.10/dist-packages:${PYTHONPATH} /usr/bin/cmake --build /home/ibrahim/R2D2/build/r2d2_main -- -j16 -l16
[0.140s] [ 25%] Built target LidarDetect
[0.143s] [ 75%] Built target NavigationClient
[0.143s] [ 75%] Built target CameraRotator
[0.143s] [100%] Built target NavigationServer
[0.157s] Invoked command in '/home/ibrahim/R2D2/build/r2d2_main' returned '0': AMENT_PREFIX_PATH=/home/ibrahim/R2D2/install/action_interfaces:${AMENT_PREFIX_PATH} CMAKE_PREFIX_PATH=/home/ibrahim/R2D2/install/action_interfaces:/home/ibrahim/RobotArmExpanded/install/main_arm_package:/home/ibrahim/RobotArmExpanded/install/action_interfaces:/home/ibrahim/MoveItArm/install/moveit_config:/home/ibrahim/MoveItArm/install/moveit_arm_package:/home/ibrahim/TF2Sample/install/tf2sim:/home/ibrahim/RobotNav/install/main_robot_nodes:/home/ibrahim/RobotNav/install/action_interfaces:/home/ibrahim/RobotMonitor/install/Robot3Node_Package:/home/ibrahim/ros2_ws/install/my_first_package:/home/ibrahim/ros2_ws/install/action_interfaces:/home/ibrahim/RobotArm/install/main_arm_package:/home/ibrahim/RobotArm/install/action_interfaces:/opt/ros/humble LD_LIBRARY_PATH=/home/ibrahim/R2D2/install/action_interfaces/lib:${LD_LIBRARY_PATH} PYTHONPATH=/home/ibrahim/R2D2/install/action_interfaces/local/lib/python3.10/dist-packages:${PYTHONPATH} /usr/bin/cmake --build /home/ibrahim/R2D2/build/r2d2_main -- -j16 -l16
[0.166s] Invoking command in '/home/ibrahim/R2D2/build/r2d2_main': AMENT_PREFIX_PATH=/home/ibrahim/R2D2/install/action_interfaces:${AMENT_PREFIX_PATH} CMAKE_PREFIX_PATH=/home/ibrahim/R2D2/install/action_interfaces:/home/ibrahim/RobotArmExpanded/install/main_arm_package:/home/ibrahim/RobotArmExpanded/install/action_interfaces:/home/ibrahim/MoveItArm/install/moveit_config:/home/ibrahim/MoveItArm/install/moveit_arm_package:/home/ibrahim/TF2Sample/install/tf2sim:/home/ibrahim/RobotNav/install/main_robot_nodes:/home/ibrahim/RobotNav/install/action_interfaces:/home/ibrahim/RobotMonitor/install/Robot3Node_Package:/home/ibrahim/ros2_ws/install/my_first_package:/home/ibrahim/ros2_ws/install/action_interfaces:/home/ibrahim/RobotArm/install/main_arm_package:/home/ibrahim/RobotArm/install/action_interfaces:/opt/ros/humble LD_LIBRARY_PATH=/home/ibrahim/R2D2/install/action_interfaces/lib:${LD_LIBRARY_PATH} PYTHONPATH=/home/ibrahim/R2D2/install/action_interfaces/local/lib/python3.10/dist-packages:${PYTHONPATH} /usr/bin/cmake --install /home/ibrahim/R2D2/build/r2d2_main
[0.174s] -- Install configuration: ""
[0.174s] -- Up-to-date: /home/ibrahim/R2D2/install/r2d2_main/lib/r2d2_main/LidarDetect
[0.174s] -- Up-to-date: /home/ibrahim/R2D2/install/r2d2_main/lib/r2d2_main/NavigationServer
[0.174s] -- Up-to-date: /home/ibrahim/R2D2/install/r2d2_main/lib/r2d2_main/NavigationClient
[0.175s] -- Up-to-date: /home/ibrahim/R2D2/install/r2d2_main/lib/r2d2_main/CameraRotator
[0.175s] -- Up-to-date: /home/ibrahim/R2D2/install/r2d2_main/share/r2d2_main/launch
[0.175s] -- Up-to-date: /home/ibrahim/R2D2/install/r2d2_main/share/r2d2_main/launch/bringup.launch.py
[0.175s] -- Up-to-date: /home/ibrahim/R2D2/install/r2d2_main/share/r2d2_main/launch/display.launch.py
[0.176s] -- Up-to-date: /home/ibrahim/R2D2/install/r2d2_main/share/r2d2_main/launch/slam_rviz.launch.py
[0.176s] -- Up-to-date: /home/ibrahim/R2D2/install/r2d2_main/share/r2d2_main/launch/__pycache__
[0.176s] -- Up-to-date: /home/ibrahim/R2D2/install/r2d2_main/share/r2d2_main/launch/__pycache__/gazebo.launch.cpython-310.pyc
[0.176s] -- Up-to-date: /home/ibrahim/R2D2/install/r2d2_main/share/r2d2_main/launch/gazebo.launch.py
[0.176s] -- Up-to-date: /home/ibrahim/R2D2/install/r2d2_main/share/r2d2_main/launch/nav2.launch.py
[0.176s] -- Up-to-date: /home/ibrahim/R2D2/install/r2d2_main/share/r2d2_main/urdf
[0.176s] -- Up-to-date: /home/ibrahim/R2D2/install/r2d2_main/share/r2d2_main/urdf/robot.urdf
[0.176s] -- Up-to-date: /home/ibrahim/R2D2/install/r2d2_main/share/r2d2_main/rviz
[0.176s] -- Up-to-date: /home/ibrahim/R2D2/install/r2d2_main/share/r2d2_main/rviz/robot.rviz
[0.176s] -- Up-to-date: /home/ibrahim/R2D2/install/r2d2_main/share/r2d2_main/rviz/model.rviz
[0.176s] -- Up-to-date: /home/ibrahim/R2D2/install/r2d2_main/share/r2d2_main/worlds
[0.176s] -- Up-to-date: /home/ibrahim/R2D2/install/r2d2_main/share/r2d2_main/worlds/world.sdf
[0.177s] -- Up-to-date: /home/ibrahim/R2D2/install/r2d2_main/share/r2d2_main/worlds/world2.sdf
[0.177s] -- Up-to-date: /home/ibrahim/R2D2/install/r2d2_main/share/r2d2_main/config
[0.177s] -- Up-to-date: /home/ibrahim/R2D2/install/r2d2_main/share/r2d2_main/config/mapper_params.yaml
[0.177s] -- Up-to-date: /home/ibrahim/R2D2/install/r2d2_main/share/r2d2_main/config/nav2_params.yaml
[0.177s] -- Up-to-date: /home/ibrahim/R2D2/install/r2d2_main/share/r2d2_main/maps
[0.177s] -- Up-to-date: /home/ibrahim/R2D2/install/r2d2_main/share/r2d2_main/maps/my_map.yaml
[0.177s] -- Up-to-date: /home/ibrahim/R2D2/install/r2d2_main/share/ament_index/resource_index/package_run_dependencies/r2d2_main
[0.177s] -- Up-to-date: /home/ibrahim/R2D2/install/r2d2_main/share/ament_index/resource_index/parent_prefix_path/r2d2_main
[0.177s] -- Up-to-date: /home/ibrahim/R2D2/install/r2d2_main/share/r2d2_main/environment/ament_prefix_path.sh
[0.177s] -- Up-to-date: /home/ibrahim/R2D2/install/r2d2_main/share/r2d2_main/environment/ament_prefix_path.dsv
[0.177s] -- Up-to-date: /home/ibrahim/R2D2/install/r2d2_main/share/r2d2_main/environment/path.sh
[0.177s] -- Up-to-date: /home/ibrahim/R2D2/install/r2d2_main/share/r2d2_main/environment/path.dsv
[0.177s] -- Up-to-date: /home/ibrahim/R2D2/install/r2d2_main/share/r2d2_main/local_setup.bash
[0.177s] -- Up-to-date: /home/ibrahim/R2D2/install/r2d2_main/share/r2d2_main/local_setup.sh
[0.177s] -- Up-to-date: /home/ibrahim/R2D2/install/r2d2_main/share/r2d2_main/local_setup.zsh
[0.177s] -- Up-to-date: /home/ibrahim/R2D2/install/r2d2_main/share/r2d2_main/local_setup.dsv
[0.177s] -- Installing: /home/ibrahim/R2D2/install/r2d2_main/share/r2d2_main/package.dsv
[0.177s] -- Up-to-date: /home/ibrahim/R2D2/install/r2d2_main/share/ament_index/resource_index/packages/r2d2_main
[0.177s] -- Up-to-date: /home/ibrahim/R2D2/install/r2d2_main/share/r2d2_main/cmake/r2d2_mainConfig.cmake
[0.177s] -- Up-to-date: /home/ibrahim/R2D2/install/r2d2_main/share/r2d2_main/cmake/r2d2_mainConfig-version.cmake
[0.177s] -- Up-to-date: /home/ibrahim/R2D2/install/r2d2_main/share/r2d2_main/package.xml
[0.178s] Invoked command in '/home/ibrahim/R2D2/build/r2d2_main' returned '0': AMENT_PREFIX_PATH=/home/ibrahim/R2D2/install/action_interfaces:${AMENT_PREFIX_PATH} CMAKE_PREFIX_PATH=/home/ibrahim/R2D2/install/action_interfaces:/home/ibrahim/RobotArmExpanded/install/main_arm_package:/home/ibrahim/RobotArmExpanded/install/action_interfaces:/home/ibrahim/MoveItArm/install/moveit_config:/home/ibrahim/MoveItArm/install/moveit_arm_package:/home/ibrahim/TF2Sample/install/tf2sim:/home/ibrahim/RobotNav/install/main_robot_nodes:/home/ibrahim/RobotNav/install/action_interfaces:/home/ibrahim/RobotMonitor/install/Robot3Node_Package:/home/ibrahim/ros2_ws/install/my_first_package:/home/ibrahim/ros2_ws/install/action_interfaces:/home/ibrahim/RobotArm/install/main_arm_package:/home/ibrahim/RobotArm/install/action_interfaces:/opt/ros/humble LD_LIBRARY_PATH=/home/ibrahim/R2D2/install/action_interfaces/lib:${LD_LIBRARY_PATH} PYTHONPATH=/home/ibrahim/R2D2/install/action_interfaces/local/lib/python3.10/dist-packages:${PYTHONPATH} /usr/bin/cmake --install /home/ibrahim/R2D2/build/r2d2_main
