[100%] Built target LidarDetect
-- Install configuration: ""
-- Up-to-date: /home/ibrahim/R2D2/install/r2d2_main/lib/r2d2_main/LidarDetect
-- Up-to-date: /home/ibrahim/R2D2/install/r2d2_main/share/r2d2_main/launch
-- Up-to-date: /home/ibrahim/R2D2/install/r2d2_main/share/r2d2_main/launch/display.launch.py
-- Up-to-date: /home/ibrahim/R2D2/install/r2d2_main/share/r2d2_main/launch/gazebo.launch.py
-- Up-to-date: /home/ibrahim/R2D2/install/r2d2_main/share/r2d2_main/urdf
-- Up-to-date: /home/ibrahim/R2D2/install/r2d2_main/share/r2d2_main/urdf/robot.urdf
-- Up-to-date: /home/ibrahim/R2D2/install/r2d2_main/share/r2d2_main/rviz
-- Up-to-date: /home/ibrahim/R2D2/install/r2d2_main/share/r2d2_main/rviz/robot.rviz
-- Up-to-date: /home/ibrahim/R2D2/install/r2d2_main/share/r2d2_main/worlds
-- Up-to-date: /home/ibrahim/R2D2/install/r2d2_main/share/r2d2_main/worlds/world.sdf
-- Up-to-date: /home/ibrahim/R2D2/install/r2d2_main/share/r2d2_main/urdf
-- Up-to-date: /home/ibrahim/R2D2/install/r2d2_main/share/r2d2_main/urdf/robot.urdf
-- Up-to-date: /home/ibrahim/R2D2/install/r2d2_main/share/r2d2_main/worlds
-- Up-to-date: /home/ibrahim/R2D2/install/r2d2_main/share/r2d2_main/worlds/world.sdf
-- Up-to-date: /home/ibrahim/R2D2/install/r2d2_main/share/r2d2_main/launch
-- Up-to-date: /home/ibrahim/R2D2/install/r2d2_main/share/r2d2_main/launch/display.launch.py
-- Up-to-date: /home/ibrahim/R2D2/install/r2d2_main/share/r2d2_main/launch/gazebo.launch.py
-- Installing: /home/ibrahim/R2D2/install/r2d2_main/share/r2d2_main/config
-- Installing: /home/ibrahim/R2D2/install/r2d2_main/share/r2d2_main/config/mapper_params.yaml
[31mCMake Error at cmake_install.cmake:78 (file):
  file INSTALL cannot find "/home/ibrahim/R2D2/src/r2d2_main/maps": No such
  file or directory.

[0m
