[0.031s] Invoking command in '/home/ibrahim/R2D2/build/action_interfaces': CMAKE_PREFIX_PATH=${CMAKE_PREFIX_PATH}:/home/ibrahim/RobotArm/install/main_arm_package:/home/ibrahim/RobotArm/install/action_interfaces:/opt/ros/humble /usr/bin/cmake --build /home/ibrahim/R2D2/build/action_interfaces -- -j16 -l16
[0.159s] [  3%] Built target action_interfaces__cpp
[0.161s] [  9%] Built target action_interfaces__rs
[0.163s] [ 15%] Built target action_interfaces__rosidl_generator_c
[0.195s] [ 15%] Built target ament_cmake_python_copy_action_interfaces
[0.234s] [ 31%] Built target action_interfaces__rosidl_typesupport_fastrtps_c
[0.235s] [ 46%] Built target action_interfaces__rosidl_typesupport_introspection_c
[0.235s] [ 46%] Built target action_interfaces__rosidl_typesupport_cpp
[0.235s] [ 53%] Built target action_interfaces__rosidl_typesupport_introspection_cpp
[0.237s] [ 62%] Built target action_interfaces__rosidl_typesupport_c
[0.242s] [ 71%] Built target action_interfaces__rosidl_typesupport_fastrtps_cpp
[0.292s] [ 71%] Built target action_interfaces
[0.345s] [ 75%] Built target action_interfaces__py
[0.401s] [ 81%] Built target action_interfaces__rosidl_generator_py
[0.456s] [100%] Built target action_interfaces__rosidl_typesupport_introspection_c__pyext
[0.456s] [100%] Built target action_interfaces__rosidl_typesupport_c__pyext
[0.456s] [100%] Built target action_interfaces__rosidl_typesupport_fastrtps_c__pyext
[0.597s] running egg_info
[0.599s] writing action_interfaces.egg-info/PKG-INFO
[0.609s] writing dependency_links to action_interfaces.egg-info/dependency_links.txt
[0.610s] writing top-level names to action_interfaces.egg-info/top_level.txt
[0.610s] reading manifest file 'action_interfaces.egg-info/SOURCES.txt'
[0.610s] writing manifest file 'action_interfaces.egg-info/SOURCES.txt'
[0.657s] [100%] Built target ament_cmake_python_build_action_interfaces_egg
[0.681s] Invoked command in '/home/ibrahim/R2D2/build/action_interfaces' returned '0': CMAKE_PREFIX_PATH=${CMAKE_PREFIX_PATH}:/home/ibrahim/RobotArm/install/main_arm_package:/home/ibrahim/RobotArm/install/action_interfaces:/opt/ros/humble /usr/bin/cmake --build /home/ibrahim/R2D2/build/action_interfaces -- -j16 -l16
[0.699s] Invoking command in '/home/ibrahim/R2D2/build/action_interfaces': CMAKE_PREFIX_PATH=${CMAKE_PREFIX_PATH}:/home/ibrahim/RobotArm/install/main_arm_package:/home/ibrahim/RobotArm/install/action_interfaces:/opt/ros/humble /usr/bin/cmake --install /home/ibrahim/R2D2/build/action_interfaces
[0.713s] -- Install configuration: ""
[0.713s] -- Up-to-date: /home/ibrahim/R2D2/install/action_interfaces/share/ament_index/resource_index/rosidl_interfaces/action_interfaces
[0.714s] -- Up-to-date: /home/ibrahim/R2D2/install/action_interfaces/include/action_interfaces/action_interfaces
[0.714s] -- Up-to-date: /home/ibrahim/R2D2/install/action_interfaces/include/action_interfaces/action_interfaces/msg
[0.714s] -- Up-to-date: /home/ibrahim/R2D2/install/action_interfaces/include/action_interfaces/action_interfaces/msg/rosidl_generator_c__visibility_control.h
[0.714s] -- Up-to-date: /home/ibrahim/R2D2/install/action_interfaces/include/action_interfaces/action_interfaces/action
[0.714s] -- Up-to-date: /home/ibrahim/R2D2/install/action_interfaces/include/action_interfaces/action_interfaces/action/detail
[0.715s] -- Up-to-date: /home/ibrahim/R2D2/install/action_interfaces/include/action_interfaces/action_interfaces/action/detail/nav__functions.h
[0.715s] -- Up-to-date: /home/ibrahim/R2D2/install/action_interfaces/include/action_interfaces/action_interfaces/action/detail/nav__struct.h
[0.715s] -- Up-to-date: /home/ibrahim/R2D2/install/action_interfaces/include/action_interfaces/action_interfaces/action/detail/nav__type_support.h
[0.715s] -- Up-to-date: /home/ibrahim/R2D2/install/action_interfaces/include/action_interfaces/action_interfaces/action/detail/nav__functions.c
[0.715s] -- Up-to-date: /home/ibrahim/R2D2/install/action_interfaces/include/action_interfaces/action_interfaces/action/nav.h
[0.715s] -- Up-to-date: /home/ibrahim/R2D2/install/action_interfaces/share/action_interfaces/environment/library_path.sh
[0.716s] -- Up-to-date: /home/ibrahim/R2D2/install/action_interfaces/share/action_interfaces/environment/library_path.dsv
[0.716s] -- Up-to-date: /home/ibrahim/R2D2/install/action_interfaces/lib/libaction_interfaces__rosidl_generator_c.so
[0.716s] -- Up-to-date: /home/ibrahim/R2D2/install/action_interfaces/include/action_interfaces/action_interfaces
[0.716s] -- Up-to-date: /home/ibrahim/R2D2/install/action_interfaces/include/action_interfaces/action_interfaces/msg
[0.716s] -- Up-to-date: /home/ibrahim/R2D2/install/action_interfaces/include/action_interfaces/action_interfaces/msg/rosidl_typesupport_fastrtps_c__visibility_control.h
[0.717s] -- Up-to-date: /home/ibrahim/R2D2/install/action_interfaces/include/action_interfaces/action_interfaces/action
[0.717s] -- Up-to-date: /home/ibrahim/R2D2/install/action_interfaces/include/action_interfaces/action_interfaces/action/detail
[0.717s] -- Up-to-date: /home/ibrahim/R2D2/install/action_interfaces/include/action_interfaces/action_interfaces/action/detail/nav__rosidl_typesupport_fastrtps_c.h
[0.717s] -- Up-to-date: /home/ibrahim/R2D2/install/action_interfaces/lib/libaction_interfaces__rosidl_typesupport_fastrtps_c.so
[0.718s] -- Up-to-date: /home/ibrahim/R2D2/install/action_interfaces/include/action_interfaces/action_interfaces
[0.718s] -- Up-to-date: /home/ibrahim/R2D2/install/action_interfaces/include/action_interfaces/action_interfaces/msg
[0.718s] -- Up-to-date: /home/ibrahim/R2D2/install/action_interfaces/include/action_interfaces/action_interfaces/msg/rosidl_typesupport_introspection_c__visibility_control.h
[0.718s] -- Up-to-date: /home/ibrahim/R2D2/install/action_interfaces/include/action_interfaces/action_interfaces/action
[0.718s] -- Up-to-date: /home/ibrahim/R2D2/install/action_interfaces/include/action_interfaces/action_interfaces/action/detail
[0.718s] -- Up-to-date: /home/ibrahim/R2D2/install/action_interfaces/include/action_interfaces/action_interfaces/action/detail/nav__type_support.c
[0.718s] -- Up-to-date: /home/ibrahim/R2D2/install/action_interfaces/include/action_interfaces/action_interfaces/action/detail/nav__rosidl_typesupport_introspection_c.h
[0.719s] -- Up-to-date: /home/ibrahim/R2D2/install/action_interfaces/lib/libaction_interfaces__rosidl_typesupport_introspection_c.so
[0.719s] -- Up-to-date: /home/ibrahim/R2D2/install/action_interfaces/lib/libaction_interfaces__rosidl_typesupport_c.so
[0.720s] -- Up-to-date: /home/ibrahim/R2D2/install/action_interfaces/include/action_interfaces/action_interfaces
[0.720s] -- Up-to-date: /home/ibrahim/R2D2/install/action_interfaces/include/action_interfaces/action_interfaces/msg
[0.720s] -- Up-to-date: /home/ibrahim/R2D2/install/action_interfaces/include/action_interfaces/action_interfaces/msg/rosidl_generator_cpp__visibility_control.hpp
[0.720s] -- Up-to-date: /home/ibrahim/R2D2/install/action_interfaces/include/action_interfaces/action_interfaces/action
[0.721s] -- Up-to-date: /home/ibrahim/R2D2/install/action_interfaces/include/action_interfaces/action_interfaces/action/detail
[0.721s] -- Up-to-date: /home/ibrahim/R2D2/install/action_interfaces/include/action_interfaces/action_interfaces/action/detail/nav__traits.hpp
[0.721s] -- Up-to-date: /home/ibrahim/R2D2/install/action_interfaces/include/action_interfaces/action_interfaces/action/detail/nav__builder.hpp
[0.721s] -- Up-to-date: /home/ibrahim/R2D2/install/action_interfaces/include/action_interfaces/action_interfaces/action/detail/nav__struct.hpp
[0.721s] -- Up-to-date: /home/ibrahim/R2D2/install/action_interfaces/include/action_interfaces/action_interfaces/action/detail/nav__type_support.hpp
[0.722s] -- Up-to-date: /home/ibrahim/R2D2/install/action_interfaces/include/action_interfaces/action_interfaces/action/nav.hpp
[0.722s] -- Up-to-date: /home/ibrahim/R2D2/install/action_interfaces/include/action_interfaces/action_interfaces
[0.722s] -- Up-to-date: /home/ibrahim/R2D2/install/action_interfaces/include/action_interfaces/action_interfaces/msg
[0.723s] -- Up-to-date: /home/ibrahim/R2D2/install/action_interfaces/include/action_interfaces/action_interfaces/msg/rosidl_typesupport_fastrtps_cpp__visibility_control.h
[0.723s] -- Up-to-date: /home/ibrahim/R2D2/install/action_interfaces/include/action_interfaces/action_interfaces/action
[0.723s] -- Up-to-date: /home/ibrahim/R2D2/install/action_interfaces/include/action_interfaces/action_interfaces/action/detail
[0.723s] -- Up-to-date: /home/ibrahim/R2D2/install/action_interfaces/include/action_interfaces/action_interfaces/action/detail/dds_fastrtps
[0.723s] -- Up-to-date: /home/ibrahim/R2D2/install/action_interfaces/include/action_interfaces/action_interfaces/action/detail/nav__rosidl_typesupport_fastrtps_cpp.hpp
[0.724s] -- Up-to-date: /home/ibrahim/R2D2/install/action_interfaces/lib/libaction_interfaces__rosidl_typesupport_fastrtps_cpp.so
[0.724s] -- Up-to-date: /home/ibrahim/R2D2/install/action_interfaces/include/action_interfaces/action_interfaces
[0.724s] -- Up-to-date: /home/ibrahim/R2D2/install/action_interfaces/include/action_interfaces/action_interfaces/action
[0.724s] -- Up-to-date: /home/ibrahim/R2D2/install/action_interfaces/include/action_interfaces/action_interfaces/action/detail
[0.725s] -- Up-to-date: /home/ibrahim/R2D2/install/action_interfaces/include/action_interfaces/action_interfaces/action/detail/nav__rosidl_typesupport_introspection_cpp.hpp
[0.725s] -- Up-to-date: /home/ibrahim/R2D2/install/action_interfaces/include/action_interfaces/action_interfaces/action/detail/nav__type_support.cpp
[0.725s] -- Up-to-date: /home/ibrahim/R2D2/install/action_interfaces/lib/libaction_interfaces__rosidl_typesupport_introspection_cpp.so
[0.725s] -- Up-to-date: /home/ibrahim/R2D2/install/action_interfaces/lib/libaction_interfaces__rosidl_typesupport_cpp.so
[0.725s] -- Up-to-date: /home/ibrahim/R2D2/install/action_interfaces/share/action_interfaces/environment/pythonpath.sh
[0.725s] -- Up-to-date: /home/ibrahim/R2D2/install/action_interfaces/share/action_interfaces/environment/pythonpath.dsv
[0.725s] -- Up-to-date: /home/ibrahim/R2D2/install/action_interfaces/local/lib/python3.10/dist-packages/action_interfaces-0.0.0-py3.10.egg-info
[0.725s] -- Installing: /home/ibrahim/R2D2/install/action_interfaces/local/lib/python3.10/dist-packages/action_interfaces-0.0.0-py3.10.egg-info/top_level.txt
[0.726s] -- Installing: /home/ibrahim/R2D2/install/action_interfaces/local/lib/python3.10/dist-packages/action_interfaces-0.0.0-py3.10.egg-info/PKG-INFO
[0.726s] -- Installing: /home/ibrahim/R2D2/install/action_interfaces/local/lib/python3.10/dist-packages/action_interfaces-0.0.0-py3.10.egg-info/dependency_links.txt
[0.728s] -- Installing: /home/ibrahim/R2D2/install/action_interfaces/local/lib/python3.10/dist-packages/action_interfaces-0.0.0-py3.10.egg-info/SOURCES.txt
[0.728s] -- Up-to-date: /home/ibrahim/R2D2/install/action_interfaces/local/lib/python3.10/dist-packages/action_interfaces
[0.729s] -- Up-to-date: /home/ibrahim/R2D2/install/action_interfaces/local/lib/python3.10/dist-packages/action_interfaces/_action_interfaces_s.ep.rosidl_typesupport_introspection_c.c
[0.729s] -- Up-to-date: /home/ibrahim/R2D2/install/action_interfaces/local/lib/python3.10/dist-packages/action_interfaces/_action_interfaces_s.ep.rosidl_typesupport_c.c
[0.730s] -- Up-to-date: /home/ibrahim/R2D2/install/action_interfaces/local/lib/python3.10/dist-packages/action_interfaces/action_interfaces_s__rosidl_typesupport_fastrtps_c.cpython-310-x86_64-linux-gnu.so
[0.730s] -- Up-to-date: /home/ibrahim/R2D2/install/action_interfaces/local/lib/python3.10/dist-packages/action_interfaces/_action_interfaces_s.ep.rosidl_typesupport_fastrtps_c.c
[0.731s] -- Up-to-date: /home/ibrahim/R2D2/install/action_interfaces/local/lib/python3.10/dist-packages/action_interfaces/libaction_interfaces__rosidl_generator_py.so
[0.731s] -- Up-to-date: /home/ibrahim/R2D2/install/action_interfaces/local/lib/python3.10/dist-packages/action_interfaces/action_interfaces_s__rosidl_typesupport_introspection_c.cpython-310-x86_64-linux-gnu.so
[0.732s] -- Up-to-date: /home/ibrahim/R2D2/install/action_interfaces/local/lib/python3.10/dist-packages/action_interfaces/action
[0.732s] -- Up-to-date: /home/ibrahim/R2D2/install/action_interfaces/local/lib/python3.10/dist-packages/action_interfaces/action/_nav.py
[0.732s] -- Up-to-date: /home/ibrahim/R2D2/install/action_interfaces/local/lib/python3.10/dist-packages/action_interfaces/action/_nav_s.c
[0.732s] -- Up-to-date: /home/ibrahim/R2D2/install/action_interfaces/local/lib/python3.10/dist-packages/action_interfaces/action/__init__.py
[0.732s] -- Up-to-date: /home/ibrahim/R2D2/install/action_interfaces/local/lib/python3.10/dist-packages/action_interfaces/__init__.py
[0.732s] -- Up-to-date: /home/ibrahim/R2D2/install/action_interfaces/local/lib/python3.10/dist-packages/action_interfaces/action_interfaces_s__rosidl_typesupport_c.cpython-310-x86_64-linux-gnu.so
[0.777s] Listing '/home/ibrahim/R2D2/install/action_interfaces/local/lib/python3.10/dist-packages/action_interfaces'...
[0.778s] Listing '/home/ibrahim/R2D2/install/action_interfaces/local/lib/python3.10/dist-packages/action_interfaces/action'...
[0.784s] -- Up-to-date: /home/ibrahim/R2D2/install/action_interfaces/local/lib/python3.10/dist-packages/action_interfaces/action_interfaces_s__rosidl_typesupport_fastrtps_c.cpython-310-x86_64-linux-gnu.so
[0.784s] -- Up-to-date: /home/ibrahim/R2D2/install/action_interfaces/local/lib/python3.10/dist-packages/action_interfaces/action_interfaces_s__rosidl_typesupport_introspection_c.cpython-310-x86_64-linux-gnu.so
[0.785s] -- Up-to-date: /home/ibrahim/R2D2/install/action_interfaces/local/lib/python3.10/dist-packages/action_interfaces/action_interfaces_s__rosidl_typesupport_c.cpython-310-x86_64-linux-gnu.so
[0.786s] -- Up-to-date: /home/ibrahim/R2D2/install/action_interfaces/lib/libaction_interfaces__rosidl_generator_py.so
[0.786s] -- Up-to-date: /home/ibrahim/R2D2/install/action_interfaces/share/ament_index/resource_index/rust_packages/action_interfaces
[0.787s] -- Up-to-date: /home/ibrahim/R2D2/install/action_interfaces/share/action_interfaces/rust
[0.787s] -- Up-to-date: /home/ibrahim/R2D2/install/action_interfaces/share/action_interfaces/rust/src
[0.787s] -- Up-to-date: /home/ibrahim/R2D2/install/action_interfaces/share/action_interfaces/rust/src/action.rs
[0.787s] -- Up-to-date: /home/ibrahim/R2D2/install/action_interfaces/share/action_interfaces/rust/src/lib.rs
[0.788s] -- Up-to-date: /home/ibrahim/R2D2/install/action_interfaces/share/action_interfaces/rust/src/action
[0.788s] -- Up-to-date: /home/ibrahim/R2D2/install/action_interfaces/share/action_interfaces/rust/src/action/rmw.rs
[0.788s] -- Up-to-date: /home/ibrahim/R2D2/install/action_interfaces/share/action_interfaces/rust/build.rs
[0.789s] -- Up-to-date: /home/ibrahim/R2D2/install/action_interfaces/share/action_interfaces/rust/Cargo.toml
[0.789s] -- Up-to-date: /home/ibrahim/R2D2/install/action_interfaces/share/action_interfaces/action/Nav.idl
[0.789s] -- Up-to-date: /home/ibrahim/R2D2/install/action_interfaces/share/action_interfaces/action/Nav.action
[0.789s] -- Up-to-date: /home/ibrahim/R2D2/install/action_interfaces/share/ament_index/resource_index/package_run_dependencies/action_interfaces
[0.790s] -- Up-to-date: /home/ibrahim/R2D2/install/action_interfaces/share/ament_index/resource_index/parent_prefix_path/action_interfaces
[0.790s] -- Up-to-date: /home/ibrahim/R2D2/install/action_interfaces/share/action_interfaces/environment/ament_prefix_path.sh
[0.790s] -- Up-to-date: /home/ibrahim/R2D2/install/action_interfaces/share/action_interfaces/environment/ament_prefix_path.dsv
[0.791s] -- Up-to-date: /home/ibrahim/R2D2/install/action_interfaces/share/action_interfaces/environment/path.sh
[0.791s] -- Up-to-date: /home/ibrahim/R2D2/install/action_interfaces/share/action_interfaces/environment/path.dsv
[0.791s] -- Up-to-date: /home/ibrahim/R2D2/install/action_interfaces/share/action_interfaces/local_setup.bash
[0.791s] -- Up-to-date: /home/ibrahim/R2D2/install/action_interfaces/share/action_interfaces/local_setup.sh
[0.792s] -- Up-to-date: /home/ibrahim/R2D2/install/action_interfaces/share/action_interfaces/local_setup.zsh
[0.792s] -- Up-to-date: /home/ibrahim/R2D2/install/action_interfaces/share/action_interfaces/local_setup.dsv
[0.792s] -- Installing: /home/ibrahim/R2D2/install/action_interfaces/share/action_interfaces/package.dsv
[0.792s] -- Up-to-date: /home/ibrahim/R2D2/install/action_interfaces/share/ament_index/resource_index/packages/action_interfaces
[0.793s] -- Up-to-date: /home/ibrahim/R2D2/install/action_interfaces/share/action_interfaces/cmake/export_action_interfaces__rosidl_generator_cExport.cmake
[0.793s] -- Up-to-date: /home/ibrahim/R2D2/install/action_interfaces/share/action_interfaces/cmake/export_action_interfaces__rosidl_generator_cExport-noconfig.cmake
[0.794s] -- Up-to-date: /home/ibrahim/R2D2/install/action_interfaces/share/action_interfaces/cmake/export_action_interfaces__rosidl_typesupport_fastrtps_cExport.cmake
[0.794s] -- Up-to-date: /home/ibrahim/R2D2/install/action_interfaces/share/action_interfaces/cmake/export_action_interfaces__rosidl_typesupport_fastrtps_cExport-noconfig.cmake
[0.794s] -- Up-to-date: /home/ibrahim/R2D2/install/action_interfaces/share/action_interfaces/cmake/action_interfaces__rosidl_typesupport_introspection_cExport.cmake
[0.795s] -- Up-to-date: /home/ibrahim/R2D2/install/action_interfaces/share/action_interfaces/cmake/action_interfaces__rosidl_typesupport_introspection_cExport-noconfig.cmake
[0.795s] -- Up-to-date: /home/ibrahim/R2D2/install/action_interfaces/share/action_interfaces/cmake/action_interfaces__rosidl_typesupport_cExport.cmake
[0.795s] -- Up-to-date: /home/ibrahim/R2D2/install/action_interfaces/share/action_interfaces/cmake/action_interfaces__rosidl_typesupport_cExport-noconfig.cmake
[0.795s] -- Up-to-date: /home/ibrahim/R2D2/install/action_interfaces/share/action_interfaces/cmake/export_action_interfaces__rosidl_generator_cppExport.cmake
[0.796s] -- Up-to-date: /home/ibrahim/R2D2/install/action_interfaces/share/action_interfaces/cmake/export_action_interfaces__rosidl_typesupport_fastrtps_cppExport.cmake
[0.796s] -- Up-to-date: /home/ibrahim/R2D2/install/action_interfaces/share/action_interfaces/cmake/export_action_interfaces__rosidl_typesupport_fastrtps_cppExport-noconfig.cmake
[0.796s] -- Up-to-date: /home/ibrahim/R2D2/install/action_interfaces/share/action_interfaces/cmake/action_interfaces__rosidl_typesupport_introspection_cppExport.cmake
[0.796s] -- Up-to-date: /home/ibrahim/R2D2/install/action_interfaces/share/action_interfaces/cmake/action_interfaces__rosidl_typesupport_introspection_cppExport-noconfig.cmake
[0.796s] -- Up-to-date: /home/ibrahim/R2D2/install/action_interfaces/share/action_interfaces/cmake/action_interfaces__rosidl_typesupport_cppExport.cmake
[0.796s] -- Up-to-date: /home/ibrahim/R2D2/install/action_interfaces/share/action_interfaces/cmake/action_interfaces__rosidl_typesupport_cppExport-noconfig.cmake
[0.796s] -- Up-to-date: /home/ibrahim/R2D2/install/action_interfaces/share/action_interfaces/cmake/export_action_interfaces__rosidl_generator_pyExport.cmake
[0.796s] -- Up-to-date: /home/ibrahim/R2D2/install/action_interfaces/share/action_interfaces/cmake/export_action_interfaces__rosidl_generator_pyExport-noconfig.cmake
[0.796s] -- Up-to-date: /home/ibrahim/R2D2/install/action_interfaces/share/action_interfaces/cmake/rosidl_cmake-extras.cmake
[0.796s] -- Up-to-date: /home/ibrahim/R2D2/install/action_interfaces/share/action_interfaces/cmake/ament_cmake_export_dependencies-extras.cmake
[0.796s] -- Up-to-date: /home/ibrahim/R2D2/install/action_interfaces/share/action_interfaces/cmake/ament_cmake_export_include_directories-extras.cmake
[0.797s] -- Up-to-date: /home/ibrahim/R2D2/install/action_interfaces/share/action_interfaces/cmake/ament_cmake_export_libraries-extras.cmake
[0.797s] -- Up-to-date: /home/ibrahim/R2D2/install/action_interfaces/share/action_interfaces/cmake/ament_cmake_export_targets-extras.cmake
[0.797s] -- Up-to-date: /home/ibrahim/R2D2/install/action_interfaces/share/action_interfaces/cmake/rosidl_cmake_export_typesupport_targets-extras.cmake
[0.797s] -- Up-to-date: /home/ibrahim/R2D2/install/action_interfaces/share/action_interfaces/cmake/rosidl_cmake_export_typesupport_libraries-extras.cmake
[0.797s] -- Up-to-date: /home/ibrahim/R2D2/install/action_interfaces/share/action_interfaces/cmake/action_interfacesConfig.cmake
[0.797s] -- Up-to-date: /home/ibrahim/R2D2/install/action_interfaces/share/action_interfaces/cmake/action_interfacesConfig-version.cmake
[0.797s] -- Up-to-date: /home/ibrahim/R2D2/install/action_interfaces/share/action_interfaces/package.xml
[0.801s] Invoked command in '/home/ibrahim/R2D2/build/action_interfaces' returned '0': CMAKE_PREFIX_PATH=${CMAKE_PREFIX_PATH}:/home/ibrahim/RobotArm/install/main_arm_package:/home/ibrahim/RobotArm/install/action_interfaces:/opt/ros/humble /usr/bin/cmake --install /home/ibrahim/R2D2/build/action_interfaces
