[0.084s] Invoking command in '/home/ibrahim/R2D2/build/r2d2_main': CMAKE_PREFIX_PATH=/home/ibrahim/R2D2/install/action_interfaces:/home/ibrahim/R2D2/install/r2d2_main:/home/ibrahim/RobotArmExpanded/install/main_arm_package:/home/ibrahim/RobotArmExpanded/install/action_interfaces:/home/ibrahim/MoveItArm/install/moveit_config:/home/ibrahim/MoveItArm/install/moveit_arm_package:/home/ibrahim/TF2Sample/install/tf2sim:/home/ibrahim/RobotNav/install/main_robot_nodes:/home/ibrahim/RobotNav/install/action_interfaces:/home/ibrahim/RobotMonitor/install/Robot3Node_Package:/home/ibrahim/ros2_ws/install/my_first_package:/home/ibrahim/ros2_ws/install/action_interfaces:/home/ibrahim/RobotArm/install/main_arm_package:/home/ibrahim/RobotArm/install/action_interfaces:/opt/ros/humble /usr/bin/cmake --build /home/ibrahim/R2D2/build/r2d2_main -- -j16 -l16
[0.117s] -- Found ament_cmake: 1.3.14 (/opt/ros/humble/share/ament_cmake/cmake)
[0.258s] -- Found rclcpp: 16.0.19 (/opt/ros/humble/share/rclcpp/cmake)
[0.432s] -- Found rosidl_generator_c: 3.1.8 (/opt/ros/humble/share/rosidl_generator_c/cmake)
[0.436s] -- Found rosidl_adapter: 3.1.8 (/opt/ros/humble/share/rosidl_adapter/cmake)
[0.447s] -- Found rosidl_generator_cpp: 3.1.8 (/opt/ros/humble/share/rosidl_generator_cpp/cmake)
[0.463s] -- Using all available rosidl_typesupport_c: rosidl_typesupport_fastrtps_c;rosidl_typesupport_introspection_c
[0.480s] -- Using all available rosidl_typesupport_cpp: rosidl_typesupport_fastrtps_cpp;rosidl_typesupport_introspection_cpp
[0.529s] -- Found rmw_implementation_cmake: 6.1.2 (/opt/ros/humble/share/rmw_implementation_cmake/cmake)
[0.533s] -- Found rmw_cyclonedds_cpp: 1.3.4 (/opt/ros/humble/share/rmw_cyclonedds_cpp/cmake)
[0.563s] -- Using RMW implementation 'rmw_cyclonedds_cpp' as default
[0.628s] -- Found rclcpp_action: 16.0.19 (/opt/ros/humble/share/rclcpp_action/cmake)
[0.670s] -- Found action_interfaces: 0.0.0 (/home/ibrahim/R2D2/install/action_interfaces/share/action_interfaces/cmake)
[0.685s] -- Found nav2_msgs: 1.1.20 (/opt/ros/humble/share/nav2_msgs/cmake)
[0.748s] -- Found tf2_ros: 0.25.20 (/opt/ros/humble/share/tf2_ros/cmake)
[0.824s] -- Found sensor_msgs: 4.9.1 (/opt/ros/humble/share/sensor_msgs/cmake)
[0.847s] -- Found trajectory_msgs: 4.9.1 (/opt/ros/humble/share/trajectory_msgs/cmake)
[0.871s] -- Found ament_lint_auto: 0.12.15 (/opt/ros/humble/share/ament_lint_auto/cmake)
[0.947s] -- Added test 'cppcheck' to perform static code analysis on C / C++ code
[0.947s] -- Configured cppcheck include dirs: $<BUILD_INTERFACE:/home/ibrahim/R2D2/src/r2d2_main/include>
[0.947s] -- Configured cppcheck exclude dirs and/or files: 
[0.948s] -- Added test 'flake8' to check Python code syntax and style conventions
[0.949s] -- Added test 'lint_cmake' to check CMake code style
[0.950s] -- Added test 'pep257' to check Python code against some of the docstring style conventions in PEP 257
[0.952s] -- Added test 'uncrustify' to check C / C++ code style
[0.952s] -- Configured uncrustify additional arguments: 
[0.952s] -- Added test 'xmllint' to check XML markup files
[0.956s] -- Configuring done
[0.989s] -- Generating done
[0.997s] -- Build files have been written to: /home/ibrahim/R2D2/build/r2d2_main
[1.027s] [35m[1mConsolidate compiler generated dependencies of target LidarDetect[0m
[1.028s] [35m[1mConsolidate compiler generated dependencies of target NavigationClient[0m
[1.028s] [35m[1mConsolidate compiler generated dependencies of target NavigationServer[0m
[1.028s] [35m[1mConsolidate compiler generated dependencies of target CameraRotator[0m
[1.042s] [ 25%] Built target LidarDetect
[1.051s] [ 62%] [32mBuilding CXX object CMakeFiles/NavigationServer.dir/src/NavigationServer.cpp.o[0m
[1.051s] [ 62%] Built target CameraRotator
[1.052s] [ 87%] Built target NavigationClient
[1.398s] gmake[2]: *** [CMakeFiles/NavigationServer.dir/build.make:76: CMakeFiles/NavigationServer.dir/src/NavigationServer.cpp.o] Interrupt
[1.398s] gmake[1]: *** [CMakeFiles/Makefile2:169: CMakeFiles/NavigationServer.dir/all] Interrupt
[1.399s] gmake: *** [Makefile:146: all] Interrupt
[1.401s] Invoked command in '/home/ibrahim/R2D2/build/r2d2_main' returned '-2': CMAKE_PREFIX_PATH=/home/ibrahim/R2D2/install/action_interfaces:/home/ibrahim/R2D2/install/r2d2_main:/home/ibrahim/RobotArmExpanded/install/main_arm_package:/home/ibrahim/RobotArmExpanded/install/action_interfaces:/home/ibrahim/MoveItArm/install/moveit_config:/home/ibrahim/MoveItArm/install/moveit_arm_package:/home/ibrahim/TF2Sample/install/tf2sim:/home/ibrahim/RobotNav/install/main_robot_nodes:/home/ibrahim/RobotNav/install/action_interfaces:/home/ibrahim/RobotMonitor/install/Robot3Node_Package:/home/ibrahim/ros2_ws/install/my_first_package:/home/ibrahim/ros2_ws/install/action_interfaces:/home/ibrahim/RobotArm/install/main_arm_package:/home/ibrahim/RobotArm/install/action_interfaces:/opt/ros/humble /usr/bin/cmake --build /home/ibrahim/R2D2/build/r2d2_main -- -j16 -l16
