[0.237s] DEBUG:colcon:Command line arguments: ['/usr/bin/colcon', 'build', '--packages-select', 'r2d2_main']
[0.237s] DEBUG:colcon:Parsed command line arguments: Namespace(log_base=None, log_level=None, verb_name='build', build_base='build', install_base='install', merge_install=False, symlink_install=False, test_result_base=None, continue_on_error=False, executor='parallel', parallel_workers=16, event_handlers=None, ignore_user_meta=False, metas=['./colcon.meta'], base_paths=['.'], packages_ignore=None, packages_ignore_regex=None, paths=None, packages_up_to=None, packages_up_to_regex=None, packages_above=None, packages_above_and_dependencies=None, packages_above_depth=None, packages_select_by_dep=None, packages_skip_by_dep=None, packages_skip_up_to=None, packages_select_build_failed=False, packages_skip_build_finished=False, packages_select_test_failures=False, packages_skip_test_passed=False, packages_select=['r2d2_main'], packages_skip=None, packages_select_regex=None, packages_skip_regex=None, packages_start=None, packages_end=None, allow_overriding=[], cmake_args=None, cmake_target=None, cmake_target_skip_unavailable=False, cmake_clean_cache=False, cmake_clean_first=False, cmake_force_configure=False, ament_cmake_args=None, catkin_cmake_args=None, catkin_skip_building_tests=False, verb_parser=<colcon_defaults.argument_parser.defaults.DefaultArgumentsDecorator object at 0x71b9d9e15180>, verb_extension=<colcon_core.verb.build.BuildVerb object at 0x71b9d9e14bb0>, main=<bound method BuildVerb.main of <colcon_core.verb.build.BuildVerb object at 0x71b9d9e14bb0>>)
[0.458s] Level 1:colcon.colcon_core.package_discovery:discover_packages(colcon_meta) check parameters
[0.458s] Level 1:colcon.colcon_core.package_discovery:discover_packages(recursive) check parameters
[0.458s] Level 1:colcon.colcon_core.package_discovery:discover_packages(ignore) check parameters
[0.458s] Level 1:colcon.colcon_core.package_discovery:discover_packages(path) check parameters
[0.458s] Level 1:colcon.colcon_core.package_discovery:discover_packages(colcon_meta) discover
[0.459s] Level 1:colcon.colcon_core.package_discovery:discover_packages(recursive) discover
[0.459s] INFO:colcon.colcon_core.package_discovery:Crawling recursively for packages in '/home/ibrahim/R2D2'
[0.459s] Level 1:colcon.colcon_core.package_identification:_identify(.) by extensions ['ignore', 'ignore_ament_install']
[0.459s] Level 1:colcon.colcon_core.package_identification:_identify(.) by extension 'ignore'
[0.459s] Level 1:colcon.colcon_core.package_identification:_identify(.) by extension 'ignore_ament_install'
[0.459s] Level 1:colcon.colcon_core.package_identification:_identify(.) by extensions ['colcon_pkg']
[0.459s] Level 1:colcon.colcon_core.package_identification:_identify(.) by extension 'colcon_pkg'
[0.459s] Level 1:colcon.colcon_core.package_identification:_identify(.) by extensions ['colcon_meta']
[0.459s] Level 1:colcon.colcon_core.package_identification:_identify(.) by extension 'colcon_meta'
[0.459s] Level 1:colcon.colcon_core.package_identification:_identify(.) by extensions ['ros']
[0.459s] Level 1:colcon.colcon_core.package_identification:_identify(.) by extension 'ros'
[0.476s] Level 1:colcon.colcon_core.package_identification:_identify(.) by extensions ['cmake', 'python']
[0.476s] Level 1:colcon.colcon_core.package_identification:_identify(.) by extension 'cmake'
[0.477s] Level 1:colcon.colcon_core.package_identification:_identify(.) by extension 'python'
[0.477s] Level 1:colcon.colcon_core.package_identification:_identify(.) by extensions ['python_setup_py']
[0.477s] Level 1:colcon.colcon_core.package_identification:_identify(.) by extension 'python_setup_py'
[0.477s] Level 1:colcon.colcon_core.package_identification:_identify(build) by extensions ['ignore', 'ignore_ament_install']
[0.477s] Level 1:colcon.colcon_core.package_identification:_identify(build) by extension 'ignore'
[0.477s] Level 1:colcon.colcon_core.package_identification:_identify(build) ignored
[0.477s] Level 1:colcon.colcon_core.package_identification:_identify(install) by extensions ['ignore', 'ignore_ament_install']
[0.477s] Level 1:colcon.colcon_core.package_identification:_identify(install) by extension 'ignore'
[0.477s] Level 1:colcon.colcon_core.package_identification:_identify(install) ignored
[0.477s] Level 1:colcon.colcon_core.package_identification:_identify(log) by extensions ['ignore', 'ignore_ament_install']
[0.477s] Level 1:colcon.colcon_core.package_identification:_identify(log) by extension 'ignore'
[0.478s] Level 1:colcon.colcon_core.package_identification:_identify(log) ignored
[0.478s] Level 1:colcon.colcon_core.package_identification:_identify(src) by extensions ['ignore', 'ignore_ament_install']
[0.478s] Level 1:colcon.colcon_core.package_identification:_identify(src) by extension 'ignore'
[0.478s] Level 1:colcon.colcon_core.package_identification:_identify(src) by extension 'ignore_ament_install'
[0.478s] Level 1:colcon.colcon_core.package_identification:_identify(src) by extensions ['colcon_pkg']
[0.478s] Level 1:colcon.colcon_core.package_identification:_identify(src) by extension 'colcon_pkg'
[0.478s] Level 1:colcon.colcon_core.package_identification:_identify(src) by extensions ['colcon_meta']
[0.478s] Level 1:colcon.colcon_core.package_identification:_identify(src) by extension 'colcon_meta'
[0.478s] Level 1:colcon.colcon_core.package_identification:_identify(src) by extensions ['ros']
[0.478s] Level 1:colcon.colcon_core.package_identification:_identify(src) by extension 'ros'
[0.478s] Level 1:colcon.colcon_core.package_identification:_identify(src) by extensions ['cmake', 'python']
[0.478s] Level 1:colcon.colcon_core.package_identification:_identify(src) by extension 'cmake'
[0.478s] Level 1:colcon.colcon_core.package_identification:_identify(src) by extension 'python'
[0.478s] Level 1:colcon.colcon_core.package_identification:_identify(src) by extensions ['python_setup_py']
[0.478s] Level 1:colcon.colcon_core.package_identification:_identify(src) by extension 'python_setup_py'
[0.479s] Level 1:colcon.colcon_core.package_identification:_identify(src/action_interfaces) by extensions ['ignore', 'ignore_ament_install']
[0.479s] Level 1:colcon.colcon_core.package_identification:_identify(src/action_interfaces) by extension 'ignore'
[0.479s] Level 1:colcon.colcon_core.package_identification:_identify(src/action_interfaces) by extension 'ignore_ament_install'
[0.479s] Level 1:colcon.colcon_core.package_identification:_identify(src/action_interfaces) by extensions ['colcon_pkg']
[0.479s] Level 1:colcon.colcon_core.package_identification:_identify(src/action_interfaces) by extension 'colcon_pkg'
[0.479s] Level 1:colcon.colcon_core.package_identification:_identify(src/action_interfaces) by extensions ['colcon_meta']
[0.479s] Level 1:colcon.colcon_core.package_identification:_identify(src/action_interfaces) by extension 'colcon_meta'
[0.479s] Level 1:colcon.colcon_core.package_identification:_identify(src/action_interfaces) by extensions ['ros']
[0.479s] Level 1:colcon.colcon_core.package_identification:_identify(src/action_interfaces) by extension 'ros'
[0.481s] DEBUG:colcon.colcon_core.package_identification:Package 'src/action_interfaces' with type 'ros.ament_cmake' and name 'action_interfaces'
[0.481s] Level 1:colcon.colcon_core.package_identification:_identify(src/r2d2_main) by extensions ['ignore', 'ignore_ament_install']
[0.481s] Level 1:colcon.colcon_core.package_identification:_identify(src/r2d2_main) by extension 'ignore'
[0.481s] Level 1:colcon.colcon_core.package_identification:_identify(src/r2d2_main) by extension 'ignore_ament_install'
[0.481s] Level 1:colcon.colcon_core.package_identification:_identify(src/r2d2_main) by extensions ['colcon_pkg']
[0.481s] Level 1:colcon.colcon_core.package_identification:_identify(src/r2d2_main) by extension 'colcon_pkg'
[0.481s] Level 1:colcon.colcon_core.package_identification:_identify(src/r2d2_main) by extensions ['colcon_meta']
[0.481s] Level 1:colcon.colcon_core.package_identification:_identify(src/r2d2_main) by extension 'colcon_meta'
[0.482s] Level 1:colcon.colcon_core.package_identification:_identify(src/r2d2_main) by extensions ['ros']
[0.482s] Level 1:colcon.colcon_core.package_identification:_identify(src/r2d2_main) by extension 'ros'
[0.484s] DEBUG:colcon.colcon_core.package_identification:Package 'src/r2d2_main' with type 'ros.ament_cmake' and name 'r2d2_main'
[0.484s] Level 1:colcon.colcon_core.package_discovery:discover_packages(recursive) using defaults
[0.484s] Level 1:colcon.colcon_core.package_discovery:discover_packages(ignore) discover
[0.484s] Level 1:colcon.colcon_core.package_discovery:discover_packages(ignore) using defaults
[0.484s] Level 1:colcon.colcon_core.package_discovery:discover_packages(path) discover
[0.485s] Level 1:colcon.colcon_core.package_discovery:discover_packages(path) using defaults
[0.550s] INFO:colcon.colcon_core.package_selection:Skipping not selected package 'action_interfaces' in 'src/action_interfaces'
[0.551s] Level 1:colcon.colcon_core.package_discovery:discover_packages(prefix_path) check parameters
[0.551s] Level 1:colcon.colcon_core.package_discovery:discover_packages(prefix_path) discover
[0.554s] DEBUG:colcon.colcon_installed_package_information.package_discovery:Found 2 installed packages in /home/ibrahim/MoveItArm/install
[0.554s] DEBUG:colcon.colcon_installed_package_information.package_discovery:Found 2 installed packages in /home/ibrahim/RobotArmExpanded/install
[0.555s] DEBUG:colcon.colcon_installed_package_information.package_discovery:Found 2 installed packages in /home/ibrahim/RobotArm/install
[0.555s] DEBUG:colcon.colcon_installed_package_information.package_discovery:Found 1 installed packages in /home/ibrahim/TF2Sample/install
[0.556s] DEBUG:colcon.colcon_installed_package_information.package_discovery:Found 2 installed packages in /home/ibrahim/RobotNav/install
[0.558s] DEBUG:colcon.colcon_installed_package_information.package_discovery:Found 1 installed packages in /home/ibrahim/RobotMonitor/install
[0.558s] DEBUG:colcon.colcon_installed_package_information.package_discovery:Found 2 installed packages in /home/ibrahim/ros2_ws/install
[0.561s] DEBUG:colcon.colcon_installed_package_information.package_discovery:Found 430 installed packages in /opt/ros/humble
[0.565s] Level 1:colcon.colcon_core.package_discovery:discover_packages(prefix_path) using defaults
[0.660s] Level 5:colcon.colcon_core.verb:set package 'r2d2_main' build argument 'cmake_args' from command line to 'None'
[0.661s] Level 5:colcon.colcon_core.verb:set package 'r2d2_main' build argument 'cmake_target' from command line to 'None'
[0.661s] Level 5:colcon.colcon_core.verb:set package 'r2d2_main' build argument 'cmake_target_skip_unavailable' from command line to 'False'
[0.661s] Level 5:colcon.colcon_core.verb:set package 'r2d2_main' build argument 'cmake_clean_cache' from command line to 'False'
[0.661s] Level 5:colcon.colcon_core.verb:set package 'r2d2_main' build argument 'cmake_clean_first' from command line to 'False'
[0.661s] Level 5:colcon.colcon_core.verb:set package 'r2d2_main' build argument 'cmake_force_configure' from command line to 'False'
[0.661s] Level 5:colcon.colcon_core.verb:set package 'r2d2_main' build argument 'ament_cmake_args' from command line to 'None'
[0.661s] Level 5:colcon.colcon_core.verb:set package 'r2d2_main' build argument 'catkin_cmake_args' from command line to 'None'
[0.661s] Level 5:colcon.colcon_core.verb:set package 'r2d2_main' build argument 'catkin_skip_building_tests' from command line to 'False'
[0.661s] DEBUG:colcon.colcon_core.verb:Building package 'r2d2_main' with the following arguments: {'ament_cmake_args': None, 'build_base': '/home/ibrahim/R2D2/build/r2d2_main', 'catkin_cmake_args': None, 'catkin_skip_building_tests': False, 'cmake_args': None, 'cmake_clean_cache': False, 'cmake_clean_first': False, 'cmake_force_configure': False, 'cmake_target': None, 'cmake_target_skip_unavailable': False, 'install_base': '/home/ibrahim/R2D2/install/r2d2_main', 'merge_install': False, 'path': '/home/ibrahim/R2D2/src/r2d2_main', 'symlink_install': False, 'test_result_base': None}
[0.662s] INFO:colcon.colcon_core.executor:Executing jobs using 'parallel' executor
[0.664s] DEBUG:colcon.colcon_parallel_executor.executor.parallel:run_until_complete
[0.665s] INFO:colcon.colcon_ros.task.ament_cmake.build:Building ROS package in '/home/ibrahim/R2D2/src/r2d2_main' with build type 'ament_cmake'
[0.666s] INFO:colcon.colcon_cmake.task.cmake.build:Building CMake package in '/home/ibrahim/R2D2/src/r2d2_main'
[0.670s] INFO:colcon.colcon_core.plugin_system:Skipping extension 'colcon_core.shell.bat': Not used on non-Windows systems
[0.670s] INFO:colcon.colcon_core.shell:Skip shell extension 'powershell' for command environment: Not usable outside of PowerShell
[0.670s] DEBUG:colcon.colcon_core.shell:Skip shell extension 'dsv' for command environment
[0.779s] DEBUG:colcon.colcon_core.event_handler.log_command:Invoking command in '/home/ibrahim/R2D2/build/r2d2_main': AMENT_PREFIX_PATH=/home/ibrahim/R2D2/install/action_interfaces:${AMENT_PREFIX_PATH} CMAKE_PREFIX_PATH=/home/ibrahim/R2D2/install/action_interfaces:/home/ibrahim/RobotArmExpanded/install/main_arm_package:/home/ibrahim/RobotArmExpanded/install/action_interfaces:/home/ibrahim/MoveItArm/install/moveit_config:/home/ibrahim/MoveItArm/install/moveit_arm_package:/home/ibrahim/TF2Sample/install/tf2sim:/home/ibrahim/RobotNav/install/main_robot_nodes:/home/ibrahim/RobotNav/install/action_interfaces:/home/ibrahim/RobotMonitor/install/Robot3Node_Package:/home/ibrahim/ros2_ws/install/my_first_package:/home/ibrahim/ros2_ws/install/action_interfaces:/home/ibrahim/RobotArm/install/main_arm_package:/home/ibrahim/RobotArm/install/action_interfaces:/opt/ros/humble LD_LIBRARY_PATH=/home/ibrahim/R2D2/install/action_interfaces/lib:${LD_LIBRARY_PATH} PYTHONPATH=/home/ibrahim/R2D2/install/action_interfaces/local/lib/python3.10/dist-packages:${PYTHONPATH} /usr/bin/cmake --build /home/ibrahim/R2D2/build/r2d2_main -- -j16 -l16
[19.096s] DEBUG:colcon.colcon_core.event_handler.log_command:Invoked command in '/home/ibrahim/R2D2/build/r2d2_main' returned '0': AMENT_PREFIX_PATH=/home/ibrahim/R2D2/install/action_interfaces:${AMENT_PREFIX_PATH} CMAKE_PREFIX_PATH=/home/ibrahim/R2D2/install/action_interfaces:/home/ibrahim/RobotArmExpanded/install/main_arm_package:/home/ibrahim/RobotArmExpanded/install/action_interfaces:/home/ibrahim/MoveItArm/install/moveit_config:/home/ibrahim/MoveItArm/install/moveit_arm_package:/home/ibrahim/TF2Sample/install/tf2sim:/home/ibrahim/RobotNav/install/main_robot_nodes:/home/ibrahim/RobotNav/install/action_interfaces:/home/ibrahim/RobotMonitor/install/Robot3Node_Package:/home/ibrahim/ros2_ws/install/my_first_package:/home/ibrahim/ros2_ws/install/action_interfaces:/home/ibrahim/RobotArm/install/main_arm_package:/home/ibrahim/RobotArm/install/action_interfaces:/opt/ros/humble LD_LIBRARY_PATH=/home/ibrahim/R2D2/install/action_interfaces/lib:${LD_LIBRARY_PATH} PYTHONPATH=/home/ibrahim/R2D2/install/action_interfaces/local/lib/python3.10/dist-packages:${PYTHONPATH} /usr/bin/cmake --build /home/ibrahim/R2D2/build/r2d2_main -- -j16 -l16
[19.110s] DEBUG:colcon.colcon_core.event_handler.log_command:Invoking command in '/home/ibrahim/R2D2/build/r2d2_main': AMENT_PREFIX_PATH=/home/ibrahim/R2D2/install/action_interfaces:${AMENT_PREFIX_PATH} CMAKE_PREFIX_PATH=/home/ibrahim/R2D2/install/action_interfaces:/home/ibrahim/RobotArmExpanded/install/main_arm_package:/home/ibrahim/RobotArmExpanded/install/action_interfaces:/home/ibrahim/MoveItArm/install/moveit_config:/home/ibrahim/MoveItArm/install/moveit_arm_package:/home/ibrahim/TF2Sample/install/tf2sim:/home/ibrahim/RobotNav/install/main_robot_nodes:/home/ibrahim/RobotNav/install/action_interfaces:/home/ibrahim/RobotMonitor/install/Robot3Node_Package:/home/ibrahim/ros2_ws/install/my_first_package:/home/ibrahim/ros2_ws/install/action_interfaces:/home/ibrahim/RobotArm/install/main_arm_package:/home/ibrahim/RobotArm/install/action_interfaces:/opt/ros/humble LD_LIBRARY_PATH=/home/ibrahim/R2D2/install/action_interfaces/lib:${LD_LIBRARY_PATH} PYTHONPATH=/home/ibrahim/R2D2/install/action_interfaces/local/lib/python3.10/dist-packages:${PYTHONPATH} /usr/bin/cmake --install /home/ibrahim/R2D2/build/r2d2_main
[19.137s] Level 1:colcon.colcon_core.environment:create_environment_scripts_only(r2d2_main)
[19.141s] DEBUG:colcon.colcon_core.event_handler.log_command:Invoked command in '/home/ibrahim/R2D2/build/r2d2_main' returned '0': AMENT_PREFIX_PATH=/home/ibrahim/R2D2/install/action_interfaces:${AMENT_PREFIX_PATH} CMAKE_PREFIX_PATH=/home/ibrahim/R2D2/install/action_interfaces:/home/ibrahim/RobotArmExpanded/install/main_arm_package:/home/ibrahim/RobotArmExpanded/install/action_interfaces:/home/ibrahim/MoveItArm/install/moveit_config:/home/ibrahim/MoveItArm/install/moveit_arm_package:/home/ibrahim/TF2Sample/install/tf2sim:/home/ibrahim/RobotNav/install/main_robot_nodes:/home/ibrahim/RobotNav/install/action_interfaces:/home/ibrahim/RobotMonitor/install/Robot3Node_Package:/home/ibrahim/ros2_ws/install/my_first_package:/home/ibrahim/ros2_ws/install/action_interfaces:/home/ibrahim/RobotArm/install/main_arm_package:/home/ibrahim/RobotArm/install/action_interfaces:/opt/ros/humble LD_LIBRARY_PATH=/home/ibrahim/R2D2/install/action_interfaces/lib:${LD_LIBRARY_PATH} PYTHONPATH=/home/ibrahim/R2D2/install/action_interfaces/local/lib/python3.10/dist-packages:${PYTHONPATH} /usr/bin/cmake --install /home/ibrahim/R2D2/build/r2d2_main
[19.143s] Level 1:colcon.colcon_core.environment:checking '/home/ibrahim/R2D2/install/r2d2_main' for CMake module files
[19.144s] Level 1:colcon.colcon_core.environment:checking '/home/ibrahim/R2D2/install/r2d2_main' for CMake config files
[19.144s] Level 1:colcon.colcon_core.shell:create_environment_hook('r2d2_main', 'cmake_prefix_path')
[19.144s] INFO:colcon.colcon_core.shell:Creating environment hook '/home/ibrahim/R2D2/install/r2d2_main/share/r2d2_main/hook/cmake_prefix_path.ps1'
[19.145s] INFO:colcon.colcon_core.shell:Creating environment descriptor '/home/ibrahim/R2D2/install/r2d2_main/share/r2d2_main/hook/cmake_prefix_path.dsv'
[19.146s] INFO:colcon.colcon_core.shell:Creating environment hook '/home/ibrahim/R2D2/install/r2d2_main/share/r2d2_main/hook/cmake_prefix_path.sh'
[19.147s] Level 1:colcon.colcon_core.environment:checking '/home/ibrahim/R2D2/install/r2d2_main/lib'
[19.147s] Level 1:colcon.colcon_core.environment:checking '/home/ibrahim/R2D2/install/r2d2_main/bin'
[19.147s] Level 1:colcon.colcon_core.environment:checking '/home/ibrahim/R2D2/install/r2d2_main/lib/pkgconfig/r2d2_main.pc'
[19.147s] Level 1:colcon.colcon_core.environment:checking '/home/ibrahim/R2D2/install/r2d2_main/lib/python3.10/site-packages'
[19.148s] Level 1:colcon.colcon_core.environment:checking '/home/ibrahim/R2D2/install/r2d2_main/bin'
[19.148s] INFO:colcon.colcon_core.shell:Creating package script '/home/ibrahim/R2D2/install/r2d2_main/share/r2d2_main/package.ps1'
[19.149s] INFO:colcon.colcon_core.shell:Creating package descriptor '/home/ibrahim/R2D2/install/r2d2_main/share/r2d2_main/package.dsv'
[19.150s] INFO:colcon.colcon_core.shell:Creating package script '/home/ibrahim/R2D2/install/r2d2_main/share/r2d2_main/package.sh'
[19.151s] INFO:colcon.colcon_core.shell:Creating package script '/home/ibrahim/R2D2/install/r2d2_main/share/r2d2_main/package.bash'
[19.152s] INFO:colcon.colcon_core.shell:Creating package script '/home/ibrahim/R2D2/install/r2d2_main/share/r2d2_main/package.zsh'
[19.153s] Level 1:colcon.colcon_core.environment:create_file_with_runtime_dependencies(/home/ibrahim/R2D2/install/r2d2_main/share/colcon-core/packages/r2d2_main)
[19.154s] Level 1:colcon.colcon_core.environment:create_environment_scripts_only(r2d2_main)
[19.155s] Level 1:colcon.colcon_core.environment:checking '/home/ibrahim/R2D2/install/r2d2_main' for CMake module files
[19.155s] Level 1:colcon.colcon_core.environment:checking '/home/ibrahim/R2D2/install/r2d2_main' for CMake config files
[19.156s] Level 1:colcon.colcon_core.shell:create_environment_hook('r2d2_main', 'cmake_prefix_path')
[19.156s] INFO:colcon.colcon_core.shell:Creating environment hook '/home/ibrahim/R2D2/install/r2d2_main/share/r2d2_main/hook/cmake_prefix_path.ps1'
[19.156s] INFO:colcon.colcon_core.shell:Creating environment descriptor '/home/ibrahim/R2D2/install/r2d2_main/share/r2d2_main/hook/cmake_prefix_path.dsv'
[19.157s] INFO:colcon.colcon_core.shell:Creating environment hook '/home/ibrahim/R2D2/install/r2d2_main/share/r2d2_main/hook/cmake_prefix_path.sh'
[19.158s] Level 1:colcon.colcon_core.environment:checking '/home/ibrahim/R2D2/install/r2d2_main/lib'
[19.158s] Level 1:colcon.colcon_core.environment:checking '/home/ibrahim/R2D2/install/r2d2_main/bin'
[19.158s] Level 1:colcon.colcon_core.environment:checking '/home/ibrahim/R2D2/install/r2d2_main/lib/pkgconfig/r2d2_main.pc'
[19.159s] Level 1:colcon.colcon_core.environment:checking '/home/ibrahim/R2D2/install/r2d2_main/lib/python3.10/site-packages'
[19.159s] Level 1:colcon.colcon_core.environment:checking '/home/ibrahim/R2D2/install/r2d2_main/bin'
[19.159s] INFO:colcon.colcon_core.shell:Creating package script '/home/ibrahim/R2D2/install/r2d2_main/share/r2d2_main/package.ps1'
[19.160s] INFO:colcon.colcon_core.shell:Creating package descriptor '/home/ibrahim/R2D2/install/r2d2_main/share/r2d2_main/package.dsv'
[19.160s] INFO:colcon.colcon_core.shell:Creating package script '/home/ibrahim/R2D2/install/r2d2_main/share/r2d2_main/package.sh'
[19.161s] INFO:colcon.colcon_core.shell:Creating package script '/home/ibrahim/R2D2/install/r2d2_main/share/r2d2_main/package.bash'
[19.161s] INFO:colcon.colcon_core.shell:Creating package script '/home/ibrahim/R2D2/install/r2d2_main/share/r2d2_main/package.zsh'
[19.162s] Level 1:colcon.colcon_core.environment:create_file_with_runtime_dependencies(/home/ibrahim/R2D2/install/r2d2_main/share/colcon-core/packages/r2d2_main)
[19.162s] DEBUG:colcon.colcon_parallel_executor.executor.parallel:closing loop
[19.163s] DEBUG:colcon.colcon_parallel_executor.executor.parallel:loop closed
[19.163s] DEBUG:colcon.colcon_parallel_executor.executor.parallel:run_until_complete finished with '0'
[19.163s] DEBUG:colcon.colcon_core.event_reactor:joining thread
[19.219s] INFO:colcon.colcon_core.plugin_system:Skipping extension 'colcon_notification.desktop_notification.notify_send': Could not find 'notify-send'
[19.219s] INFO:colcon.colcon_core.plugin_system:Skipping extension 'colcon_notification.desktop_notification.terminal_notifier': Not used on non-Darwin systems
[19.220s] INFO:colcon.colcon_core.plugin_system:Skipping extension 'colcon_notification.desktop_notification.win32': Not used on non-Windows systems
[19.220s] INFO:colcon.colcon_notification.desktop_notification:Sending desktop notification using 'notify2'
[19.220s] DEBUG:colcon.colcon_notification.desktop_notification.notify2:Failed to initialize notify2: org.freedesktop.DBus.Error.FileNotFound: Failed to connect to socket /run/user/1000/bus: No such file or directory
[19.220s] DEBUG:colcon.colcon_core.event_reactor:joined thread
[19.220s] INFO:colcon.colcon_core.shell:Creating prefix script '/home/ibrahim/R2D2/install/local_setup.ps1'
[19.222s] INFO:colcon.colcon_core.shell:Creating prefix util module '/home/ibrahim/R2D2/install/_local_setup_util_ps1.py'
[19.224s] INFO:colcon.colcon_core.shell:Creating prefix chain script '/home/ibrahim/R2D2/install/setup.ps1'
[19.226s] INFO:colcon.colcon_core.shell:Creating prefix script '/home/ibrahim/R2D2/install/local_setup.sh'
[19.227s] INFO:colcon.colcon_core.shell:Creating prefix util module '/home/ibrahim/R2D2/install/_local_setup_util_sh.py'
[19.228s] INFO:colcon.colcon_core.shell:Creating prefix chain script '/home/ibrahim/R2D2/install/setup.sh'
[19.230s] INFO:colcon.colcon_core.shell:Creating prefix script '/home/ibrahim/R2D2/install/local_setup.bash'
[19.231s] INFO:colcon.colcon_core.shell:Creating prefix chain script '/home/ibrahim/R2D2/install/setup.bash'
[19.232s] INFO:colcon.colcon_core.shell:Creating prefix script '/home/ibrahim/R2D2/install/local_setup.zsh'
[19.233s] INFO:colcon.colcon_core.shell:Creating prefix chain script '/home/ibrahim/R2D2/install/setup.zsh'
